#
# A fatal error has been detected by the Java Runtime Environment:
#
#  Internal Error (jvmciRuntime.cpp:1609), pid=29, tid=43
#  fatal error: Fatal exception in JVMCI: Error calling jdk.vm.ci.services.Services.serializeSavedProperties
#
# JRE version: OpenJDK Runtime Environment GraalVM CE 22.3.0 (17.0.5+8) (build 17.0.5+8-jvmci-22.3-b08)
# Java VM: OpenJDK 64-Bit Server VM GraalVM CE 22.3.0 (17.0.5+8-jvmci-22.3-b08, mixed mode, sharing, tiered, jvmci, jvmci compiler, compressed oops, compressed class ptrs, parallel gc, linux-amd64)
# Problematic frame:
# V  [libjvm.so+0x972714]  JVMCIRuntime::fatal_exception(JVMCIEnv*, char const*)+0x74
#
# Core dump will be written. Default location: Core dumps may be processed with "/usr/share/apport/apport -p%p -s%s -c%c -d%d -P%P -u%u -g%g -- %E" (or dumping to /home/runner/BossFightDiceProgram/core.29)
#
# If you would like to submit a bug report, please visit:
#   https://github.com/oracle/graal/issues
#

---------------  S U M M A R Y ------------

Command Line: -XX:ThreadPriorityPolicy=1 -XX:+UnlockExperimentalVMOptions -XX:+EnableJVMCIProduct -XX:JVMCIThreadsPerNativeLibraryRuntime=1 -XX:-UnlockExperimentalVMOptions -Declipse.application=org.eclipse.jdt.ls.core.id1 -Dosgi.bundles.defaultStartLevel=4 -Declipse.product=org.eclipse.jdt.ls.core.product -Dlog.level=ALL -Xverify:none -XX:+UseParallelGC -XX:GCTimeRatio=4 -XX:AdaptiveSizePolicyWeight=90 -Dsun.zip.disableMemoryMapping=true -Xmx512m -Xms100m /nix/store/m6gcpi1ii6rghy04cjwjddcavv7i90df-jdt-language-server-1.9.0/share/java/plugins/org.eclipse.equinox.launcher_1.6.400.v20210924-0641.jar --add-modules=ALL-SYSTEM --add-opens java.base/java.util=ALL-UNNAMED --add-opens java.base/java.lang=ALL-UNNAMED -configuration /home/runner/.cache/jdt-language-server/config -data /home/runner/.cache/jdt-language-server/data/home/runner/BossFightDiceProgram

Host: AMD EPYC 7B12, 8 cores, 1G, Ubuntu 20.04.2 LTS
Time: Wed Apr  5 21:09:52 2023 UTC elapsed time: 649.577458 seconds (0d 0h 10m 49s)

---------------  T H R E A D  ---------------

Current thread (0x00007fe5380b21e0):  JavaThread "JVMCI-native CompilerThread0" daemon [_thread_in_vm, id=43, stack(0x00007fe51d41a000,0x00007fe51d61a000)]


Current CompileTask:
JVMCI-native: 649577 8332       4       java.util.Arrays::hashCode (56 bytes)

Stack: [0x00007fe51d41a000,0x00007fe51d61a000],  sp=0x00007fe51d618380,  free space=2040k
Native frames: (J=compiled Java code, j=interpreted, Vv=VM code, C=native code)
V  [libjvm.so+0x972714]  JVMCIRuntime::fatal_exception(JVMCIEnv*, char const*)+0x74
V  [libjvm.so+0x93e2fe]  JVMCIEnv::copy_saved_properties()+0x14e
V  [libjvm.so+0x9732a9]  JVMCIRuntime::initialize(JVMCIEnv*)+0xb19
V  [libjvm.so+0x9738a2]  JVMCIRuntime::get_HotSpotJVMCIRuntime(JVMCIEnv*)+0x12
V  [libjvm.so+0x9749f2]  JVMCIRuntime::compile_method(JVMCIEnv*, JVMCICompiler*, methodHandle const&, int)+0xd2
V  [libjvm.so+0x5b0d20]  CompileBroker::invoke_compiler_on_method(CompileTask*)+0x1470
V  [libjvm.so+0x5b12e8]  CompileBroker::compiler_thread_loop()+0x528
V  [libjvm.so+0xd82460]  JavaThread::thread_main_inner()+0xd0
V  [libjvm.so+0xd85a40]  Thread::call_run()+0xc0
V  [libjvm.so+0xbdb1e1]  thread_native_entry(Thread*)+0xe1

Register to memory mapping:

RAX=0x00007fe53d137000 points into unknown readable memory: 0x0000000000000058 | 58 00 00 00 00 00 00 00
RBX=0x00007fe53e232398: <offset 0x0000000000ef5398> in /nix/store/gpxl5qgg8kicmcvivwmybwjlpf7wh20l-graalvm17-ce-22.3.0/lib/server/libjvm.so at 0x00007fe53d33d000
RCX=0x00007fe53e1ea1e8: <offset 0x0000000000ead1e8> in /nix/store/gpxl5qgg8kicmcvivwmybwjlpf7wh20l-graalvm17-ce-22.3.0/lib/server/libjvm.so at 0x00007fe53d33d000
RDX=0x0000000000000649 is an unknown value
RSP=0x00007fe51d618380 is pointing into the stack for thread: 0x00007fe5380b21e0
RBP=0x00007fe51d6183a0 is pointing into the stack for thread: 0x00007fe5380b21e0
RSI=0x00007fe53e232c48: <offset 0x0000000000ef5c48> in /nix/store/gpxl5qgg8kicmcvivwmybwjlpf7wh20l-graalvm17-ce-22.3.0/lib/server/libjvm.so at 0x00007fe53d33d000
RDI=0x00000000e0000000 is an oop: java.lang.String 
{0x00000000e0000000} - klass: 'java/lang/String'
 - string: "resolution"
R8 =0x00007fe53e232398: <offset 0x0000000000ef5398> in /nix/store/gpxl5qgg8kicmcvivwmybwjlpf7wh20l-graalvm17-ce-22.3.0/lib/server/libjvm.so at 0x00007fe53d33d000
R9 =0x00007fe51d618330 is pointing into the stack for thread: 0x00007fe5380b21e0
R10=0x00007fe51d619948 is pointing into the stack for thread: 0x00007fe5380b21e0
R11=0x0000000000000293 is an unknown value
R12=0x0 is NULL
R13=0x00007fe5380b21e0 is a thread
R14=0x00007fe538000b80 points into unknown readable memory: 0x00007fe53e463a38 | 38 3a 46 3e e5 7f 00 00
R15=0x00007fe53e571e40: <offset 0x0000000001234e40> in /nix/store/gpxl5qgg8kicmcvivwmybwjlpf7wh20l-graalvm17-ce-22.3.0/lib/server/libjvm.so at 0x00007fe53d33d000


Registers:
RAX=0x00007fe53d137000, RBX=0x00007fe53e232398, RCX=0x00007fe53e1ea1e8, RDX=0x0000000000000649
RSP=0x00007fe51d618380, RBP=0x00007fe51d6183a0, RSI=0x00007fe53e232c48, RDI=0x00000000e0000000
R8 =0x00007fe53e232398, R9 =0x00007fe51d618330, R10=0x00007fe51d619948, R11=0x0000000000000293
R12=0x0000000000000000, R13=0x00007fe5380b21e0, R14=0x00007fe538000b80, R15=0x00007fe53e571e40
RIP=0x00007fe53dcaf714, EFLAGS=0x0000000000010206, CSGSFS=0x002b000000000033, ERR=0x0000000000000006
  TRAPNO=0x000000000000000e

Top of Stack: (sp=0x00007fe51d618380)
0x00007fe51d618380:   00007fe51d618940 00007fe5380b21e0
0x00007fe51d618390:   00007fe53cac88c8 0000000800c417a0
0x00007fe51d6183a0:   00007fe51d618500 00007fe53dc7b2fe
0x00007fe51d6183b0:   00007fe51d6183e0 00007fe51d618440 

Instructions: (pc=0x00007fe53dcaf714)
0x00007fe53dcaf614:   30 e8 f6 cf e8 ff 4c 89 e7 e8 2e 48 d1 ff 84 db
0x00007fe53dcaf624:   75 2a 4d 85 ed 74 04 4d 8b 6d 00 48 83 c4 08 44
0x00007fe53dcaf634:   89 f9 4c 89 f2 4c 89 ee 5b 4c 89 e7 41 5c 41 5d
0x00007fe53dcaf644:   41 5e 41 5f 5d e9 e2 47 d1 ff 66 90 48 83 c4 08
0x00007fe53dcaf654:   5b 41 5c 41 5d 41 5e 41 5f 5d c3 90 31 d2 be 08
0x00007fe53dcaf664:   00 00 00 4c 89 ff e8 b1 78 a3 ff 49 89 c5 e9 37
0x00007fe53dcaf674:   ff ff ff 66 0f 1f 84 00 00 00 00 00 48 8b 7a 08
0x00007fe53dcaf684:   e9 6d ff ff ff 0f 1f 80 00 00 00 00 e8 5b 48 0a
0x00007fe53dcaf694:   00 84 c0 75 89 e9 6a ff ff ff 66 90 55 48 89 e5
0x00007fe53dcaf6a4:   41 56 41 55 41 54 49 89 fc 53 48 89 f3 66 48 8d
0x00007fe53dcaf6b4:   3d 27 5e 85 00 66 66 48 e8 df 43 8d ff 4c 8b 28
0x00007fe53dcaf6c4:   8b 05 be 72 8a 00 85 c0 75 14 ba 01 00 00 00 48
0x00007fe53dcaf6d4:   8d 0d ae 72 8a 00 f0 0f b1 11 85 c0 74 4e be c8
0x00007fe53dcaf6e4:   00 00 00 4c 89 ef e8 01 0b 41 00 48 8d 05 12 ac
0x00007fe53dcaf6f4:   85 00 49 89 d8 48 8d 0d e8 aa 53 00 ba 49 06 00
0x00007fe53dcaf704:   00 48 8d 35 3c 35 58 00 bf 00 00 00 e0 48 8b 00
0x00007fe53dcaf714:   c6 00 58 31 c0 e8 e2 91 c6 ff 5b 41 5c 41 5d 41
0x00007fe53dcaf724:   5e 5d e9 55 34 26 00 0f 1f 44 00 00 48 8d 05 81
0x00007fe53dcaf734:   a3 8b 00 48 89 df 4c 8b 30 e8 9e 43 8d ff 48 89
0x00007fe53dcaf744:   de 48 89 c2 49 8b 06 4c 89 f7 ff 50 08 4c 89 f7
0x00007fe53dcaf754:   e8 a7 5c 27 00 4d 85 e4 74 12 be 01 00 00 00 4c
0x00007fe53dcaf764:   89 e7 e8 35 43 fc ff eb 82 0f 1f 00 be 01 00 00
0x00007fe53dcaf774:   00 4c 89 ef e8 d3 fd ff ff e9 6d ff ff ff 66 66
0x00007fe53dcaf784:   2e 0f 1f 84 00 00 00 00 00 0f 1f 00 55 48 89 e5
0x00007fe53dcaf794:   41 57 41 56 41 55 41 54 53 48 81 ec 08 02 00 00
0x00007fe53dcaf7a4:   64 48 8b 04 25 28 00 00 00 48 89 45 c8 8b 07 83
0x00007fe53dcaf7b4:   f8 02 0f 84 11 04 00 00 4c 8b 6f 18 49 89 ff 49
0x00007fe53dcaf7c4:   89 f4 4d 85 ed 74 14 4c 89 ef e8 5d 57 22 00 41
0x00007fe53dcaf7d4:   8b 07 83 f8 02 0f 84 19 04 00 00 48 8d 1d 9a 06
0x00007fe53dcaf7e4:   8a 00 4c 8d 35 0b 3c 58 00 eb 38 90 48 85 d2 7f
0x00007fe53dcaf7f4:   0d 48 8d 05 b4 c0 85 00 48 83 38 00 7e 0e 41 8b
0x00007fe53dcaf804:   77 2c 4c 89 f7 31 c0 e8 a0 b2 f7 ff 49 8b 7f 18 


Stack slot to memory mapping:
stack at sp + 0 slots: 0x00007fe51d618940 is pointing into the stack for thread: 0x00007fe5380b21e0
stack at sp + 1 slots: 0x00007fe5380b21e0 is a thread
stack at sp + 2 slots: 0x00007fe53cac88c8 points into unknown readable memory: 0x65730018052dffff | ff ff 2d 05 18 00 73 65
stack at sp + 3 slots: 0x0000000800c417a0 is a pointer to class: 
jdk.vm.ci.services.Services {0x0000000800c417a0}
 - instance size:     2
 - klass size:        65
 - access:            public final synchronized 
 - state:             fully_initialized
 - name:              'jdk/vm/ci/services/Services'
 - super:             'java/lang/Object'
 - sub:               
 - arrays:            NULL
 - methods:           Array<T>(0x00007fe51dc45bf8)
 - method ordering:   Array<T>(0x0000000800928960)
 - default_methods:   Array<T>(0x0000000000000000)
 - local interfaces:  Array<T>(0x00000008005ce810)
 - trans. interfaces: Array<T>(0x00000008005ce810)
 - constants:         constant pool [427] {0x00007fe51dc44cd8} for 'jdk/vm/ci/services/Services' cache=0x00007fe51dc46ec8
 - class loader data:  loader data: 0x00007fe5380283f0 of 'bootstrap'
 - source file:       'Services.java'
 - class annotations:       Array<T>(0x0000000000000000)
 - class type annotations:  Array<T>(0x0000000000000000)
 - field annotations:       Array<T>(0x0000000000000000)
 - field type annotations:  Array<T>(0x0000000000000000)
 - inner classes:     Array<T>(0x00007fe51dc46e98)
 - nest members:     Array<T>(0x00007fe51dc46eb8)
 - permitted subclasses:     Array<T>(0x00000008005ce7a0)
 - java mirror:       a 'java/lang/Class'{0x00000000e01465a0} = 'jdk/vm/ci/services/Services'
 - vtable length      5  (start addr: 0x0000000800c41970)
 - itable length      2 (start addr: 0x0000000800c41998)
 - ---- static fields (3 words):
 - public static final 'IS_BUILDING_NATIVE_IMAGE' 'Z' @128 
 - public static final 'IS_IN_NATIVE_IMAGE' 'Z' @129 
 - private static volatile 'savedProperties' 'Ljava/util/Map;' @112 
 - static final 'JVMCI_ENABLED' 'Z' @130 
 - private static final 'servicesCache' 'Ljava/util/Map;' @116 
 - private static final 'MAX_UNICODE_IN_UTF8_LENGTH' 'I' @120 
 - private static final 'MAX_UTF8_PROPERTY_STRING_LENGTH' 'I' @124 
 - ---- non-static fields (0 words):
 - non-static oop maps: 
stack at sp + 4 slots: 0x00007fe51d618500 is pointing into the stack for thread: 0x00007fe5380b21e0
stack at sp + 5 slots: 0x00007fe53dc7b2fe: <offset 0x000000000093e2fe> in /nix/store/gpxl5qgg8kicmcvivwmybwjlpf7wh20l-graalvm17-ce-22.3.0/lib/server/libjvm.so at 0x00007fe53d33d000
stack at sp + 6 slots: 0x00007fe51d6183e0 is pointing into the stack for thread: 0x00007fe5380b21e0
stack at sp + 7 slots: 0x00007fe51d618440 is pointing into the stack for thread: 0x00007fe5380b21e0


---------------  P R O C E S S  ---------------

Threads class SMR info:
_java_thread_list=0x00007fe4a81bafc0, length=26, elements={
0x00007fe538026690, 0x00007fe5380a64d0, 0x00007fe5380a7910, 0x00007fe5380ae050,
0x00007fe5380af400, 0x00007fe5380b07f0, 0x00007fe5380b21e0, 0x00007fe5380b36f0,
0x00007fe5380b4b40, 0x00007fe5380d75b0, 0x00007fe53811ff70, 0x00007fe53831b010,
0x00007fe53834e4d0, 0x00007fe538350b80, 0x00007fe538335060, 0x00007fe4cc016dd0,
0x00007fe4cc2b21a0, 0x00007fe4c00010d0, 0x00007fe4cc33a100, 0x00007fe4cc5f5df0,
0x00007fe5383fb2e0, 0x00007fe4c0007260, 0x00007fe5383c2190, 0x00007fe4b430f2c0,
0x00007fe4a81d6c50, 0x00007fe4a81d4e90
}

Java Threads: ( => current thread )
  0x00007fe538026690 JavaThread "main" [_thread_blocked, id=35, stack(0x00007fe53d158000,0x00007fe53d258000)]
  0x00007fe5380a64d0 JavaThread "Reference Handler" daemon [_thread_blocked, id=38, stack(0x00007fe53c16f000,0x00007fe53c26f000)]
  0x00007fe5380a7910 JavaThread "Finalizer" daemon [_thread_blocked, id=39, stack(0x00007fe53c06f000,0x00007fe53c16f000)]
  0x00007fe5380ae050 JavaThread "Signal Dispatcher" daemon [_thread_blocked, id=40, stack(0x00007fe51d81a000,0x00007fe51d91a000)]
  0x00007fe5380af400 JavaThread "Service Thread" daemon [_thread_blocked, id=41, stack(0x00007fe51d71a000,0x00007fe51d81a000)]
  0x00007fe5380b07f0 JavaThread "Monitor Deflation Thread" daemon [_thread_blocked, id=42, stack(0x00007fe51d61a000,0x00007fe51d71a000)]
=>0x00007fe5380b21e0 JavaThread "JVMCI-native CompilerThread0" daemon [_thread_in_vm, id=43, stack(0x00007fe51d41a000,0x00007fe51d61a000)]
  0x00007fe5380b36f0 JavaThread "C1 CompilerThread0" daemon [_thread_blocked, id=44, stack(0x00007fe51d21a000,0x00007fe51d41a000)]
  0x00007fe5380b4b40 JavaThread "Sweeper thread" daemon [_thread_blocked, id=45, stack(0x00007fe51d11a000,0x00007fe51d21a000)]
  0x00007fe5380d75b0 JavaThread "Common-Cleaner" daemon [_thread_blocked, id=46, stack(0x00007fe51d01a000,0x00007fe51d11a000)]
  0x00007fe53811ff70 JavaThread "Notification Thread" daemon [_thread_blocked, id=48, stack(0x00007fe51cf1a000,0x00007fe51d01a000)]
  0x00007fe53831b010 JavaThread "Active Thread: Equinox Container: ae222bd5-c79a-4e4b-bda8-db8708009879" [_thread_blocked, id=61, stack(0x00007fe51cc00000,0x00007fe51cd00000)]
  0x00007fe53834e4d0 JavaThread "Framework Event Dispatcher: Equinox Container: ae222bd5-c79a-4e4b-bda8-db8708009879" daemon [_thread_blocked, id=62, stack(0x00007fe51ca00000,0x00007fe51cb00000)]
  0x00007fe538350b80 JavaThread "Start Level: Equinox Container: ae222bd5-c79a-4e4b-bda8-db8708009879" daemon [_thread_blocked, id=63, stack(0x00007fe51c800000,0x00007fe51c900000)]
  0x00007fe538335060 JavaThread "Refresh Thread: Equinox Container: ae222bd5-c79a-4e4b-bda8-db8708009879" daemon [_thread_blocked, id=73, stack(0x00007fe51c600000,0x00007fe51c700000)]
  0x00007fe4cc016dd0 JavaThread "SCR Component Actor" daemon [_thread_blocked, id=74, stack(0x00007fe51c400000,0x00007fe51c500000)]
  0x00007fe4cc2b21a0 JavaThread "Worker-JM" [_thread_blocked, id=84, stack(0x00007fe51c000000,0x00007fe51c100000)]
  0x00007fe4c00010d0 JavaThread "Worker-1: Compacting resource model" [_thread_blocked, id=86, stack(0x00007fe4e4700000,0x00007fe4e4800000)]
  0x00007fe4cc33a100 JavaThread "Java indexing" daemon [_thread_blocked, id=95, stack(0x00007fe4e4500000,0x00007fe4e4600000)]
  0x00007fe4cc5f5df0 JavaThread "Bundle File Closer" daemon [_thread_blocked, id=96, stack(0x00007fe4e4300000,0x00007fe4e4400000)]
  0x00007fe5383fb2e0 JavaThread "pool-3-thread-1" [_thread_blocked, id=105, stack(0x00007fe4e4100000,0x00007fe4e4200000)]
  0x00007fe4c0007260 JavaThread "Worker-2: Periodic workspace save." [_thread_blocked, id=106, stack(0x00007fe4e3f00000,0x00007fe4e4000000)]
  0x00007fe5383c2190 JavaThread "pool-2-thread-1" [_thread_blocked, id=107, stack(0x00007fe4e3d00000,0x00007fe4e3e00000)]
  0x00007fe4b430f2c0 JavaThread "Worker-5" [_thread_blocked, id=1100, stack(0x00007fe51c200000,0x00007fe51c300000)]
  0x00007fe4a81d6c50 JavaThread "Thread-7" [_thread_blocked, id=1360, stack(0x00007fe4e3b00000,0x00007fe4e3c00000)]
  0x00007fe4a81d4e90 JavaThread "Thread-8" [_thread_blocked, id=1454, stack(0x00007fe4e4900000,0x00007fe4e4a00000)]

Other Threads:
  0x00007fe5380a1c10 VMThread "VM Thread" [stack: 0x00007fe53c271000,0x00007fe53c371000] [id=37] _threads_hazard_ptr=0x00007fe4a81bafc0
  0x00007fe538121910 WatcherThread [stack: 0x00007fe51ce1a000,0x00007fe51cf1a000] [id=49]
  0x00007fe53803df30 GCTaskThread "GC Thread#0" [stack: 0x00007fe53cd1b000,0x00007fe53ce1b000] [id=36]

Threads with active compile tasks:
JVMCI-native CompilerThread0   649622 8332       4       java.util.Arrays::hashCode (56 bytes)

VM state: synchronizing (normal execution)

VM Mutex/Monitor currently owned by a thread:  ([mutex/lock_event])
[0x00007fe538023840] Threads_lock - owner thread: 0x00007fe5380a1c10
[0x00007fe538023ff0] Heap_lock - owner thread: 0x00007fe4a81d6c50

OutOfMemory and StackOverflow Exception counts:
OutOfMemoryError java_heap_errors=6
LinkageErrors=51

Heap address: 0x00000000e0000000, size: 512 MB, Compressed Oops mode: 32-bit

CDS archive(s) mapped at: [0x0000000800000000-0x0000000800bc8000-0x0000000800bc8000), size 12353536, SharedBaseAddress: 0x0000000800000000, ArchiveRelocationMode: 0.
Compressed class space mapped at: 0x0000000800c00000-0x0000000840c00000, reserved size: 1073741824
Narrow klass base: 0x0000000800000000, Narrow klass shift: 0, Narrow klass range: 0x100000000

GC Precious Log:
 CPUs: 8 total, 1 available
 Memory: 1024M
 Large Page Support: Disabled
 NUMA Support: Disabled
 Compressed Oops: Enabled (32-bit)
 Alignments: Space 512K, Generation 512K, Heap 2M
 Heap Min Capacity: 100M
 Heap Initial Capacity: 100M
 Heap Max Capacity: 512M
 Pre-touch: Disabled
 Parallel Workers: 1

Heap:
 PSYoungGen      total 22016K, used 17408K [0x00000000f5580000, 0x00000000f7180000, 0x0000000100000000)
  eden space 17408K, 100% used [0x00000000f5580000,0x00000000f6680000,0x00000000f6680000)
  from space 4608K, 0% used [0x00000000f6c00000,0x00000000f6c00000,0x00000000f7080000)
  to   space 5120K, 0% used [0x00000000f6680000,0x00000000f6680000,0x00000000f6b80000)
 ParOldGen       total 349696K, used 349695K [0x00000000e0000000, 0x00000000f5580000, 0x00000000f5580000)
  object space 349696K, 99% used [0x00000000e0000000,0x00000000f557fff0,0x00000000f5580000)
 Metaspace       used 54846K, committed 55744K, reserved 1105920K
  class space    used 5475K, committed 5824K, reserved 1048576K

Card table byte_map: [0x00007fe53ce1b000,0x00007fe53cf1c000] _byte_map_base: 0x00007fe53c71b000

Marking Bits: (ParMarkBitMap*) 0x00007fe53e56b4c0
 Begin Bits: [0x00007fe51e4b3000, 0x00007fe51ecb3000)
 End Bits:   [0x00007fe51ecb3000, 0x00007fe51f4b3000)

Polling page: 0x00007fe53d135000

Metaspace:

Usage:
  Non-class:     48.21 MB used.
      Class:      5.35 MB used.
       Both:     53.56 MB used.

Virtual space:
  Non-class space:       56.00 MB reserved,      48.75 MB ( 87%) committed,  7 nodes.
      Class space:        1.00 GB reserved,       5.69 MB ( <1%) committed,  1 nodes.
             Both:        1.05 GB reserved,      54.44 MB (  5%) committed. 

Chunk freelists:
   Non-Class:  3.10 MB
       Class:  2.36 MB
        Both:  5.46 MB

MaxMetaspaceSize: unlimited
CompressedClassSpaceSize: 1.00 GB
Initial GC threshold: 21.00 MB
Current GC threshold: 90.56 MB
CDS: on
MetaspaceReclaimPolicy: balanced
 - commit_granule_bytes: 65536.
 - commit_granule_words: 8192.
 - virtual_space_node_default_size: 1048576.
 - enlarge_chunks_in_place: 1.
 - new_chunks_are_fully_committed: 0.
 - uncommit_free_chunks: 1.
 - use_allocation_guard: 0.
 - handle_deallocations: 1.


Internal statistics:

num_allocs_failed_limit: 6.
num_arena_births: 382.
num_arena_deaths: 76.
num_vsnodes_births: 8.
num_vsnodes_deaths: 0.
num_space_committed: 870.
num_space_uncommitted: 0.
num_chunks_returned_to_freelist: 101.
num_chunks_taken_from_freelist: 2474.
num_chunk_merges: 34.
num_chunk_splits: 1619.
num_chunks_enlarged: 1022.
num_purges: 6.
num_inconsistent_stats: 0.

CodeHeap 'non-profiled nmethods': size=120036Kb used=2466Kb max_used=2466Kb free=117569Kb
 bounds [0x00007fe526f7a000, 0x00007fe5271ea000, 0x00007fe52e4b3000]
CodeHeap 'profiled nmethods': size=120032Kb used=12243Kb max_used=15069Kb free=107788Kb
 bounds [0x00007fe51fa42000, 0x00007fe520902000, 0x00007fe526f7a000]
CodeHeap 'non-nmethods': size=5692Kb used=1374Kb max_used=1402Kb free=4317Kb
 bounds [0x00007fe51f4b3000, 0x00007fe51f723000, 0x00007fe51fa42000]
 total_blobs=6648 nmethods=5940 adapters=616
 compilation: enabled
              stopped_count=0, restarted_count=0
 full_count=0

JVMCI Events (20 events):
Event: 414.215 Thread 0x00007fe5380b21e0 created JavaVM[2]@0x00007fe4a129e340 for JVMCI runtime 0
Event: 414.215 Thread 0x00007fe5380b21e0 initializing JVMCI runtime 0
Event: 414.215 Thread 0x00007fe5380b21e0 done waiting for JavaVM references initialization in JVMCI runtime 0
Event: 444.803 Thread 0x00007fe5380b21e0 initialized JVMCI runtime 0
Event: 472.999 Thread 0x00007fe5380b21e0 compacted oop handles in JVMCI runtime 0 from 53 to 50
Event: 472.999 Thread 0x00007fe5380b21e0 compacted oop handles in JVMCI runtime 0 from 50 to 39
Event: 484.575 Thread 0x00007fe5380b21e0 compacted oop handles in JVMCI runtime 0 from 57 to 45
Event: 493.937 Thread 0x00007fe5380b21e0 compacted oop handles in JVMCI runtime 0 from 56 to 48
Event: 495.509 Thread 0x00007fe5380b21e0 detaching from JVMCI runtime 0: releasing idle compiler thread (0 other threads still attached)
Event: 495.509 Thread 0x00007fe5380b21e0 shutting down HotSpotJVMCIRuntime for JVMCI runtime 0
Event: 495.509 Thread 0x00007fe5380b21e0 compacted oop handles in JVMCI runtime 0 from 48 to 39
Event: 495.509 Thread 0x00007fe5380b21e0 shut down JVMCI runtime 0
Event: 495.514 Thread 0x00007fe5380b21e0 destroyed JavaVM[2]@0x00007fe4a129e340 for JVMCI runtime 0
Event: 495.514 Thread 0x00007fe5380b21e0 compacted oop handles in JVMCI runtime 0 from 39 to 39
Event: 495.514 Thread 0x00007fe5380b21e0 releasing handles for JVMCI runtime 0: oop handles=39, metadata handles={total=160, live=131, blocks=42}
Event: 495.514 Thread 0x00007fe5380b21e0 detached from JVMCI runtime 0
Event: 545.468 Thread 0x00007fe5380b21e0 attached to JVMCI runtime 0
Event: 545.470 Thread 0x00007fe5380b21e0 created JavaVM[3]@0x00007fe4a129e340 for JVMCI runtime 0
Event: 545.470 Thread 0x00007fe5380b21e0 initializing JVMCI runtime 0
Event: 545.470 Thread 0x00007fe5380b21e0 done waiting for JavaVM references initialization in JVMCI runtime 0

Compilation events (20 events):
Event: 472.999 Thread 0x00007fe5380b21e0 nmethod 8319 0x00007fe5271dd390 code [0x00007fe5271dd5c0, 0x00007fe5271dea70]
Event: 472.999 Thread 0x00007fe5380b21e0 8318       4       org.eclipse.core.runtime.Path::initialize (224 bytes)
Event: 477.933 Thread 0x00007fe5380b36f0 8324       3       org.eclipse.core.internal.resources.AliasManager$$Lambda$283/0x00000008010657d8::doit (9 bytes)
Event: 477.934 Thread 0x00007fe5380b36f0 nmethod 8324 0x00007fe51fae6490 code [0x00007fe51fae6660, 0x00007fe51fae6e60]
Event: 477.934 Thread 0x00007fe5380b36f0 8325       3       org.eclipse.core.internal.resources.AliasManager::lambda$0 (6 bytes)
Event: 477.934 Thread 0x00007fe5380b36f0 nmethod 8325 0x00007fe51fd6ef90 code [0x00007fe51fd6f160, 0x00007fe51fd6f8e0]
Event: 484.575 Thread 0x00007fe5380b21e0 nmethod 8318 0x00007fe5271df390 code [0x00007fe5271df5a0, 0x00007fe5271e0450]
Event: 484.584 Thread 0x00007fe5380b21e0 8326       4       com.google.gson.stream.JsonReader::doPeek (744 bytes)
Event: 493.937 Thread 0x00007fe5380b21e0 nmethod 8326 0x00007fe5271e0d90 code [0x00007fe5271e1000, 0x00007fe5271e20e8]
Event: 498.497 Thread 0x00007fe5380b36f0 8327       3       jdk.internal.misc.Unsafe::putReferenceOpaque (9 bytes)
Event: 498.498 Thread 0x00007fe5380b36f0 nmethod 8327 0x00007fe51fb83d90 code [0x00007fe51fb83f20, 0x00007fe51fb84050]
Event: 513.628 Thread 0x00007fe5380b36f0 8328       3       org.eclipse.core.internal.localstore.FileSystemResourceManager::resourceFor (83 bytes)
Event: 520.420 Thread 0x00007fe5380b36f0 nmethod 8328 0x00007fe51ff6c690 code [0x00007fe51ff6c920, 0x00007fe51ff6df80]
Event: 544.021 Thread 0x00007fe5380b36f0 8329   !   3       org.eclipse.jdt.internal.core.BufferManager::getBuffer (24 bytes)
Event: 544.022 Thread 0x00007fe5380b36f0 nmethod 8329 0x00007fe51ff56710 code [0x00007fe51ff56900, 0x00007fe51ff57690]
Event: 544.022 Thread 0x00007fe5380b36f0 8330       3       java.util.concurrent.locks.LockSupport::setBlocker (12 bytes)
Event: 544.022 Thread 0x00007fe5380b36f0 nmethod 8330 0x00007fe51fcacb90 code [0x00007fe51fcacd40, 0x00007fe51fcace60]
Event: 545.468 Thread 0x00007fe5380b21e0 8332       4       java.util.Arrays::hashCode (56 bytes)
Event: 624.694 Thread 0x00007fe5380b36f0 8339       2       java.util.concurrent.TimeUnit::convert (77 bytes)
Event: 626.210 Thread 0x00007fe5380b36f0 nmethod 8339 0x00007fe51fcc1410 code [0x00007fe51fcc1620, 0x00007fe51fcc18e0]

GC Heap History (20 events):
Event: 635.997 GC heap before
{Heap before GC invocations=555 (full 412):
 PSYoungGen      total 22016K, used 17407K [0x00000000f5580000, 0x00000000f7180000, 0x0000000100000000)
  eden space 17408K, 99% used [0x00000000f5580000,0x00000000f667fff0,0x00000000f6680000)
  from space 4608K, 0% used [0x00000000f6c00000,0x00000000f6c00000,0x00000000f7080000)
  to   space 5120K, 0% used [0x00000000f6680000,0x00000000f6680000,0x00000000f6b80000)
 ParOldGen       total 349696K, used 349695K [0x00000000e0000000, 0x00000000f5580000, 0x00000000f5580000)
  object space 349696K, 99% used [0x00000000e0000000,0x00000000f557fff0,0x00000000f5580000)
 Metaspace       used 54846K, committed 55744K, reserved 1105920K
  class space    used 5475K, committed 5824K, reserved 1048576K
}
Event: 637.284 GC heap after
{Heap after GC invocations=555 (full 412):
 PSYoungGen      total 22528K, used 17407K [0x00000000f5580000, 0x00000000f7180000, 0x0000000100000000)
  eden space 17408K, 99% used [0x00000000f5580000,0x00000000f667ffd0,0x00000000f6680000)
  from space 5120K, 0% used [0x00000000f6680000,0x00000000f6680000,0x00000000f6b80000)
  to   space 4608K, 0% used [0x00000000f6c00000,0x00000000f6c00000,0x00000000f7080000)
 ParOldGen       total 349696K, used 349695K [0x00000000e0000000, 0x00000000f5580000, 0x00000000f5580000)
  object space 349696K, 99% used [0x00000000e0000000,0x00000000f557fff0,0x00000000f5580000)
 Metaspace       used 54846K, committed 55744K, reserved 1105920K
  class space    used 5475K, committed 5824K, reserved 1048576K
}
Event: 637.284 GC heap before
{Heap before GC invocations=556 (full 413):
 PSYoungGen      total 22528K, used 17408K [0x00000000f5580000, 0x00000000f7180000, 0x0000000100000000)
  eden space 17408K, 100% used [0x00000000f5580000,0x00000000f6680000,0x00000000f6680000)
  from space 5120K, 0% used [0x00000000f6680000,0x00000000f6680000,0x00000000f6b80000)
  to   space 4608K, 0% used [0x00000000f6c00000,0x00000000f6c00000,0x00000000f7080000)
 ParOldGen       total 349696K, used 349695K [0x00000000e0000000, 0x00000000f5580000, 0x00000000f5580000)
  object space 349696K, 99% used [0x00000000e0000000,0x00000000f557fff0,0x00000000f5580000)
 Metaspace       used 54846K, committed 55744K, reserved 1105920K
  class space    used 5475K, committed 5824K, reserved 1048576K
}
Event: 638.675 GC heap after
{Heap after GC invocations=556 (full 413):
 PSYoungGen      total 22016K, used 17408K [0x00000000f5580000, 0x00000000f7180000, 0x0000000100000000)
  eden space 17408K, 100% used [0x00000000f5580000,0x00000000f6680000,0x00000000f6680000)
  from space 4608K, 0% used [0x00000000f6c00000,0x00000000f6c00000,0x00000000f7080000)
  to   space 5120K, 0% used [0x00000000f6680000,0x00000000f6680000,0x00000000f6b80000)
 ParOldGen       total 349696K, used 349695K [0x00000000e0000000, 0x00000000f5580000, 0x00000000f5580000)
  object space 349696K, 99% used [0x00000000e0000000,0x00000000f557fff0,0x00000000f5580000)
 Metaspace       used 54846K, committed 55744K, reserved 1105920K
  class space    used 5475K, committed 5824K, reserved 1048576K
}
Event: 638.675 GC heap before
{Heap before GC invocations=557 (full 414):
 PSYoungGen      total 22016K, used 17408K [0x00000000f5580000, 0x00000000f7180000, 0x0000000100000000)
  eden space 17408K, 100% used [0x00000000f5580000,0x00000000f6680000,0x00000000f6680000)
  from space 4608K, 0% used [0x00000000f6c00000,0x00000000f6c00000,0x00000000f7080000)
  to   space 5120K, 0% used [0x00000000f6680000,0x00000000f6680000,0x00000000f6b80000)
 ParOldGen       total 349696K, used 349695K [0x00000000e0000000, 0x00000000f5580000, 0x00000000f5580000)
  object space 349696K, 99% used [0x00000000e0000000,0x00000000f557fff0,0x00000000f5580000)
 Metaspace       used 54846K, committed 55744K, reserved 1105920K
  class space    used 5475K, committed 5824K, reserved 1048576K
}
Event: 640.055 GC heap after
{Heap after GC invocations=557 (full 414):
 PSYoungGen      total 22528K, used 17408K [0x00000000f5580000, 0x00000000f7180000, 0x0000000100000000)
  eden space 17408K, 100% used [0x00000000f5580000,0x00000000f6680000,0x00000000f6680000)
  from space 5120K, 0% used [0x00000000f6680000,0x00000000f6680000,0x00000000f6b80000)
  to   space 4608K, 0% used [0x00000000f6c00000,0x00000000f6c00000,0x00000000f7080000)
 ParOldGen       total 349696K, used 349695K [0x00000000e0000000, 0x00000000f5580000, 0x00000000f5580000)
  object space 349696K, 99% used [0x00000000e0000000,0x00000000f557fff0,0x00000000f5580000)
 Metaspace       used 54846K, committed 55744K, reserved 1105920K
  class space    used 5475K, committed 5824K, reserved 1048576K
}
Event: 640.056 GC heap before
{Heap before GC invocations=558 (full 415):
 PSYoungGen      total 22528K, used 17408K [0x00000000f5580000, 0x00000000f7180000, 0x0000000100000000)
  eden space 17408K, 100% used [0x00000000f5580000,0x00000000f6680000,0x00000000f6680000)
  from space 5120K, 0% used [0x00000000f6680000,0x00000000f6680000,0x00000000f6b80000)
  to   space 4608K, 0% used [0x00000000f6c00000,0x00000000f6c00000,0x00000000f7080000)
 ParOldGen       total 349696K, used 349695K [0x00000000e0000000, 0x00000000f5580000, 0x00000000f5580000)
  object space 349696K, 99% used [0x00000000e0000000,0x00000000f557fff0,0x00000000f5580000)
 Metaspace       used 54846K, committed 55744K, reserved 1105920K
  class space    used 5475K, committed 5824K, reserved 1048576K
}
Event: 641.435 GC heap after
{Heap after GC invocations=558 (full 415):
 PSYoungGen      total 22016K, used 17408K [0x00000000f5580000, 0x00000000f7180000, 0x0000000100000000)
  eden space 17408K, 100% used [0x00000000f5580000,0x00000000f6680000,0x00000000f6680000)
  from space 4608K, 0% used [0x00000000f6c00000,0x00000000f6c00000,0x00000000f7080000)
  to   space 5120K, 0% used [0x00000000f6680000,0x00000000f6680000,0x00000000f6b80000)
 ParOldGen       total 349696K, used 349695K [0x00000000e0000000, 0x00000000f5580000, 0x00000000f5580000)
  object space 349696K, 99% used [0x00000000e0000000,0x00000000f557fff0,0x00000000f5580000)
 Metaspace       used 54846K, committed 55744K, reserved 1105920K
  class space    used 5475K, committed 5824K, reserved 1048576K
}
Event: 641.435 GC heap before
{Heap before GC invocations=559 (full 416):
 PSYoungGen      total 22016K, used 17408K [0x00000000f5580000, 0x00000000f7180000, 0x0000000100000000)
  eden space 17408K, 100% used [0x00000000f5580000,0x00000000f6680000,0x00000000f6680000)
  from space 4608K, 0% used [0x00000000f6c00000,0x00000000f6c00000,0x00000000f7080000)
  to   space 5120K, 0% used [0x00000000f6680000,0x00000000f6680000,0x00000000f6b80000)
 ParOldGen       total 349696K, used 349695K [0x00000000e0000000, 0x00000000f5580000, 0x00000000f5580000)
  object space 349696K, 99% used [0x00000000e0000000,0x00000000f557fff0,0x00000000f5580000)
 Metaspace       used 54846K, committed 55744K, reserved 1105920K
  class space    used 5475K, committed 5824K, reserved 1048576K
}
Event: 642.785 GC heap after
{Heap after GC invocations=559 (full 416):
 PSYoungGen      total 22528K, used 17408K [0x00000000f5580000, 0x00000000f7180000, 0x0000000100000000)
  eden space 17408K, 100% used [0x00000000f5580000,0x00000000f6680000,0x00000000f6680000)
  from space 5120K, 0% used [0x00000000f6680000,0x00000000f6680000,0x00000000f6b80000)
  to   space 4608K, 0% used [0x00000000f6c00000,0x00000000f6c00000,0x00000000f7080000)
 ParOldGen       total 349696K, used 349695K [0x00000000e0000000, 0x00000000f5580000, 0x00000000f5580000)
  object space 349696K, 99% used [0x00000000e0000000,0x00000000f557fff0,0x00000000f5580000)
 Metaspace       used 54846K, committed 55744K, reserved 1105920K
  class space    used 5475K, committed 5824K, reserved 1048576K
}
Event: 642.786 GC heap before
{Heap before GC invocations=560 (full 417):
 PSYoungGen      total 22528K, used 17408K [0x00000000f5580000, 0x00000000f7180000, 0x0000000100000000)
  eden space 17408K, 100% used [0x00000000f5580000,0x00000000f6680000,0x00000000f6680000)
  from space 5120K, 0% used [0x00000000f6680000,0x00000000f6680000,0x00000000f6b80000)
  to   space 4608K, 0% used [0x00000000f6c00000,0x00000000f6c00000,0x00000000f7080000)
 ParOldGen       total 349696K, used 349695K [0x00000000e0000000, 0x00000000f5580000, 0x00000000f5580000)
  object space 349696K, 99% used [0x00000000e0000000,0x00000000f557fff0,0x00000000f5580000)
 Metaspace       used 54846K, committed 55744K, reserved 1105920K
  class space    used 5475K, committed 5824K, reserved 1048576K
}
Event: 644.085 GC heap after
{Heap after GC invocations=560 (full 417):
 PSYoungGen      total 22016K, used 17408K [0x00000000f5580000, 0x00000000f7180000, 0x0000000100000000)
  eden space 17408K, 100% used [0x00000000f5580000,0x00000000f6680000,0x00000000f6680000)
  from space 4608K, 0% used [0x00000000f6c00000,0x00000000f6c00000,0x00000000f7080000)
  to   space 5120K, 0% used [0x00000000f6680000,0x00000000f6680000,0x00000000f6b80000)
 ParOldGen       total 349696K, used 349695K [0x00000000e0000000, 0x00000000f5580000, 0x00000000f5580000)
  object space 349696K, 99% used [0x00000000e0000000,0x00000000f557fff0,0x00000000f5580000)
 Metaspace       used 54846K, committed 55744K, reserved 1105920K
  class space    used 5475K, committed 5824K, reserved 1048576K
}
Event: 644.085 GC heap before
{Heap before GC invocations=561 (full 418):
 PSYoungGen      total 22016K, used 17408K [0x00000000f5580000, 0x00000000f7180000, 0x0000000100000000)
  eden space 17408K, 100% used [0x00000000f5580000,0x00000000f6680000,0x00000000f6680000)
  from space 4608K, 0% used [0x00000000f6c00000,0x00000000f6c00000,0x00000000f7080000)
  to   space 5120K, 0% used [0x00000000f6680000,0x00000000f6680000,0x00000000f6b80000)
 ParOldGen       total 349696K, used 349695K [0x00000000e0000000, 0x00000000f5580000, 0x00000000f5580000)
  object space 349696K, 99% used [0x00000000e0000000,0x00000000f557fff0,0x00000000f5580000)
 Metaspace       used 54846K, committed 55744K, reserved 1105920K
  class space    used 5475K, committed 5824K, reserved 1048576K
}
Event: 645.539 GC heap after
{Heap after GC invocations=561 (full 418):
 PSYoungGen      total 22528K, used 17408K [0x00000000f5580000, 0x00000000f7180000, 0x0000000100000000)
  eden space 17408K, 100% used [0x00000000f5580000,0x00000000f6680000,0x00000000f6680000)
  from space 5120K, 0% used [0x00000000f6680000,0x00000000f6680000,0x00000000f6b80000)
  to   space 4608K, 0% used [0x00000000f6c00000,0x00000000f6c00000,0x00000000f7080000)
 ParOldGen       total 349696K, used 349695K [0x00000000e0000000, 0x00000000f5580000, 0x00000000f5580000)
  object space 349696K, 99% used [0x00000000e0000000,0x00000000f557fff0,0x00000000f5580000)
 Metaspace       used 54846K, committed 55744K, reserved 1105920K
  class space    used 5475K, committed 5824K, reserved 1048576K
}
Event: 645.540 GC heap before
{Heap before GC invocations=562 (full 419):
 PSYoungGen      total 22528K, used 17408K [0x00000000f5580000, 0x00000000f7180000, 0x0000000100000000)
  eden space 17408K, 100% used [0x00000000f5580000,0x00000000f6680000,0x00000000f6680000)
  from space 5120K, 0% used [0x00000000f6680000,0x00000000f6680000,0x00000000f6b80000)
  to   space 4608K, 0% used [0x00000000f6c00000,0x00000000f6c00000,0x00000000f7080000)
 ParOldGen       total 349696K, used 349695K [0x00000000e0000000, 0x00000000f5580000, 0x00000000f5580000)
  object space 349696K, 99% used [0x00000000e0000000,0x00000000f557fff0,0x00000000f5580000)
 Metaspace       used 54846K, committed 55744K, reserved 1105920K
  class space    used 5475K, committed 5824K, reserved 1048576K
}
Event: 646.905 GC heap after
{Heap after GC invocations=562 (full 419):
 PSYoungGen      total 22016K, used 17408K [0x00000000f5580000, 0x00000000f7180000, 0x0000000100000000)
  eden space 17408K, 100% used [0x00000000f5580000,0x00000000f6680000,0x00000000f6680000)
  from space 4608K, 0% used [0x00000000f6c00000,0x00000000f6c00000,0x00000000f7080000)
  to   space 5120K, 0% used [0x00000000f6680000,0x00000000f6680000,0x00000000f6b80000)
 ParOldGen       total 349696K, used 349695K [0x00000000e0000000, 0x00000000f5580000, 0x00000000f5580000)
  object space 349696K, 99% used [0x00000000e0000000,0x00000000f557fed0,0x00000000f5580000)
 Metaspace       used 54846K, committed 55744K, reserved 1105920K
  class space    used 5475K, committed 5824K, reserved 1048576K
}
Event: 646.905 GC heap before
{Heap before GC invocations=563 (full 420):
 PSYoungGen      total 22016K, used 17408K [0x00000000f5580000, 0x00000000f7180000, 0x0000000100000000)
  eden space 17408K, 100% used [0x00000000f5580000,0x00000000f6680000,0x00000000f6680000)
  from space 4608K, 0% used [0x00000000f6c00000,0x00000000f6c00000,0x00000000f7080000)
  to   space 5120K, 0% used [0x00000000f6680000,0x00000000f6680000,0x00000000f6b80000)
 ParOldGen       total 349696K, used 349695K [0x00000000e0000000, 0x00000000f5580000, 0x00000000f5580000)
  object space 349696K, 99% used [0x00000000e0000000,0x00000000f557ff10,0x00000000f5580000)
 Metaspace       used 54846K, committed 55744K, reserved 1105920K
  class space    used 5475K, committed 5824K, reserved 1048576K
}
Event: 648.289 GC heap after
{Heap after GC invocations=563 (full 420):
 PSYoungGen      total 22528K, used 17407K [0x00000000f5580000, 0x00000000f7180000, 0x0000000100000000)
  eden space 17408K, 99% used [0x00000000f5580000,0x00000000f667ffe0,0x00000000f6680000)
  from space 5120K, 0% used [0x00000000f6680000,0x00000000f6680000,0x00000000f6b80000)
  to   space 4608K, 0% used [0x00000000f6c00000,0x00000000f6c00000,0x00000000f7080000)
 ParOldGen       total 349696K, used 349695K [0x00000000e0000000, 0x00000000f5580000, 0x00000000f5580000)
  object space 349696K, 99% used [0x00000000e0000000,0x00000000f557ff10,0x00000000f5580000)
 Metaspace       used 54846K, committed 55744K, reserved 1105920K
  class space    used 5475K, committed 5824K, reserved 1048576K
}
Event: 648.289 GC heap before
{Heap before GC invocations=564 (full 421):
 PSYoungGen      total 22528K, used 17407K [0x00000000f5580000, 0x00000000f7180000, 0x0000000100000000)
  eden space 17408K, 99% used [0x00000000f5580000,0x00000000f667ffe0,0x00000000f6680000)
  from space 5120K, 0% used [0x00000000f6680000,0x00000000f6680000,0x00000000f6b80000)
  to   space 4608K, 0% used [0x00000000f6c00000,0x00000000f6c00000,0x00000000f7080000)
 ParOldGen       total 349696K, used 349695K [0x00000000e0000000, 0x00000000f5580000, 0x00000000f5580000)
  object space 349696K, 99% used [0x00000000e0000000,0x00000000f557ff10,0x00000000f5580000)
 Metaspace       used 54846K, committed 55744K, reserved 1105920K
  class space    used 5475K, committed 5824K, reserved 1048576K
}
Event: 649.567 GC heap after
{Heap after GC invocations=564 (full 421):
 PSYoungGen      total 22016K, used 17407K [0x00000000f5580000, 0x00000000f7180000, 0x0000000100000000)
  eden space 17408K, 99% used [0x00000000f5580000,0x00000000f667ffe0,0x00000000f6680000)
  from space 4608K, 0% used [0x00000000f6c00000,0x00000000f6c00000,0x00000000f7080000)
  to   space 5120K, 0% used [0x00000000f6680000,0x00000000f6680000,0x00000000f6b80000)
 ParOldGen       total 349696K, used 349695K [0x00000000e0000000, 0x00000000f5580000, 0x00000000f5580000)
  object space 349696K, 99% used [0x00000000e0000000,0x00000000f557ff10,0x00000000f5580000)
 Metaspace       used 54846K, committed 55744K, reserved 1105920K
  class space    used 5475K, committed 5824K, reserved 1048576K
}

Dll operation events (9 events):
Event: 0.002 Loaded shared library /nix/store/gpxl5qgg8kicmcvivwmybwjlpf7wh20l-graalvm17-ce-22.3.0/lib/libjava.so
Event: 0.072 Loaded shared library /nix/store/gpxl5qgg8kicmcvivwmybwjlpf7wh20l-graalvm17-ce-22.3.0/lib/libjsvml.so
Event: 0.464 Loaded shared library /nix/store/gpxl5qgg8kicmcvivwmybwjlpf7wh20l-graalvm17-ce-22.3.0/lib/libnio.so
Event: 0.470 Loaded shared library /nix/store/gpxl5qgg8kicmcvivwmybwjlpf7wh20l-graalvm17-ce-22.3.0/lib/libzip.so
Event: 0.482 Loaded shared library /nix/store/gpxl5qgg8kicmcvivwmybwjlpf7wh20l-graalvm17-ce-22.3.0/lib/libjvmcicompiler.so
Event: 1.168 Loaded shared library /nix/store/gpxl5qgg8kicmcvivwmybwjlpf7wh20l-graalvm17-ce-22.3.0/lib/libjimage.so
Event: 1.969 Loaded shared library /nix/store/gpxl5qgg8kicmcvivwmybwjlpf7wh20l-graalvm17-ce-22.3.0/lib/libnet.so
Event: 5.809 Loaded shared library /home/runner/.cache/jdt-language-server/config/org.eclipse.equinox.launcher/org.eclipse.equinox.launcher.gtk.linux.x86_64_1.2.400.v20211117-0650/eclipse_11600.so
Event: 15.491 Loaded shared library /nix/store/gpxl5qgg8kicmcvivwmybwjlpf7wh20l-graalvm17-ce-22.3.0/lib/libextnet.so

Deoptimization events (20 events):
Event: 421.440 Thread 0x00007fe5380b21e0 DEOPT PACKING pc=0x00007fe527179263 sp=0x00007fe51d618000
Event: 421.441 Thread 0x00007fe5380b21e0 DEOPT UNPACKING pc=0x00007fe51f505325 sp=0x00007fe51d6174d8 mode 3
Event: 421.441 Thread 0x00007fe5380b21e0 Uncommon trap: trap_request=0xffffffed fr.pc=0x00007fe5271ae7b9 relative=0x0000000000000719
Event: 421.441 Thread 0x00007fe5380b21e0 Uncommon trap: reason=null_assert_or_unreached0 action=reinterpret pc=0x00007fe5271ae7b9 method=java.io.DataOutputStream.writeUTF(Ljava/lang/String;Ljava/io/DataOutput;)I @ 59 jvmci
Event: 421.441 Thread 0x00007fe5380b21e0 DEOPT PACKING pc=0x00007fe5271ae7b9 sp=0x00007fe51d618020
Event: 421.441 Thread 0x00007fe5380b21e0 DEOPT UNPACKING pc=0x00007fe51f505325 sp=0x00007fe51d617440 mode 3
Event: 631.675 Thread 0x00007fe5380b21e0 Uncommon trap: trap_request=0xffffff8f fr.pc=0x00007fe52701ba3f relative=0x000000000000019f
Event: 631.675 Thread 0x00007fe5380b21e0 Uncommon trap: reason=constraint action=none pc=0x00007fe52701ba3f method=java.util.Arrays.copyOf([BI)[B @ 0 jvmci
Event: 631.675 Thread 0x00007fe5380b21e0 DEOPT PACKING pc=0x00007fe52701ba3f sp=0x00007fe51d617fe0
Event: 631.675 Thread 0x00007fe5380b21e0 DEOPT UNPACKING pc=0x00007fe51f505325 sp=0x00007fe51d617470 mode 3
Event: 640.055 Thread 0x00007fe4cc33a100 Uncommon trap: trap_request=0xffffff8f fr.pc=0x00007fe5271d2a89 relative=0x00000000000011c9
Event: 640.055 Thread 0x00007fe4cc33a100 Uncommon trap: reason=constraint action=none pc=0x00007fe5271d2a89 method=org.eclipse.jdt.internal.core.index.DiskIndex.copyQueryResults(Lorg/eclipse/jdt/internal/compiler/util/HashtableOfObject;I)V @ 123 jvmci
Event: 640.055 Thread 0x00007fe4cc33a100 DEOPT PACKING pc=0x00007fe5271d2a89 sp=0x00007fe4e45fe530
Event: 640.055 Thread 0x00007fe4cc33a100 DEOPT UNPACKING pc=0x00007fe51f505325 sp=0x00007fe4e45fda28 mode 3
Event: 645.539 Thread 0x00007fe4a81d6c50 Uncommon trap: trap_request=0xffffff8f fr.pc=0x00007fe52713d5ca relative=0x0000000000000a0a
Event: 645.539 Thread 0x00007fe5383c2190 DEOPT PACKING pc=0x00007fe5270a63ec sp=0x00007fe4e3dfcfb0
Event: 645.539 Thread 0x00007fe4a81d6c50 Uncommon trap: reason=constraint action=none pc=0x00007fe52713d5ca method=java.util.Hashtable.addEntry(ILjava/lang/Object;Ljava/lang/Object;I)V @ 42 jvmci
Event: 645.539 Thread 0x00007fe4a81d6c50 DEOPT PACKING pc=0x00007fe52713d5ca sp=0x00007fe4e3bfdf60
Event: 645.539 Thread 0x00007fe5383c2190 DEOPT UNPACKING pc=0x00007fe51f505325 sp=0x00007fe4e3dfc430 mode 1
Event: 645.539 Thread 0x00007fe4a81d6c50 DEOPT UNPACKING pc=0x00007fe51f505325 sp=0x00007fe4e3bfd388 mode 3

Classes unloaded (20 events):
Event: 81.279 Thread 0x00007fe5380a1c10 Unloading class 0x0000000800efc800 'jdk/internal/reflect/GeneratedConstructorAccessor10'
Event: 81.279 Thread 0x00007fe5380a1c10 Unloading class 0x0000000800d99000 'java/lang/invoke/LambdaForm$MH+0x0000000800d99000'
Event: 81.279 Thread 0x00007fe5380a1c10 Unloading class 0x0000000800d98c00 'java/lang/invoke/LambdaForm$MH+0x0000000800d98c00'
Event: 81.279 Thread 0x00007fe5380a1c10 Unloading class 0x0000000800d98800 'java/lang/invoke/LambdaForm$MH+0x0000000800d98800'
Event: 81.279 Thread 0x00007fe5380a1c10 Unloading class 0x0000000800d98400 'java/lang/invoke/LambdaForm$MH+0x0000000800d98400'
Event: 81.279 Thread 0x00007fe5380a1c10 Unloading class 0x0000000800d98000 'jdk/internal/reflect/GeneratedConstructorAccessor3'
Event: 81.279 Thread 0x00007fe5380a1c10 Unloading class 0x0000000800d06800 'java/lang/invoke/LambdaForm$MH+0x0000000800d06800'
Event: 81.279 Thread 0x00007fe5380a1c10 Unloading class 0x0000000800d06000 'java/lang/invoke/LambdaForm$MH+0x0000000800d06000'
Event: 81.279 Thread 0x00007fe5380a1c10 Unloading class 0x0000000800d05c00 'java/lang/invoke/LambdaForm$MH+0x0000000800d05c00'
Event: 81.279 Thread 0x00007fe5380a1c10 Unloading class 0x0000000800d05800 'java/lang/invoke/LambdaForm$MH+0x0000000800d05800'
Event: 81.279 Thread 0x00007fe5380a1c10 Unloading class 0x0000000800d05000 'java/lang/invoke/LambdaForm$MH+0x0000000800d05000'
Event: 81.279 Thread 0x00007fe5380a1c10 Unloading class 0x0000000800d04c00 'java/lang/invoke/LambdaForm$MH+0x0000000800d04c00'
Event: 81.279 Thread 0x00007fe5380a1c10 Unloading class 0x0000000800d04800 'java/lang/invoke/LambdaForm$MH+0x0000000800d04800'
Event: 81.279 Thread 0x00007fe5380a1c10 Unloading class 0x0000000800d04000 'java/lang/invoke/LambdaForm$MH+0x0000000800d04000'
Event: 81.279 Thread 0x00007fe5380a1c10 Unloading class 0x0000000800c1d000 'jdk/internal/reflect/GeneratedMethodAccessor5'
Event: 81.279 Thread 0x00007fe5380a1c10 Unloading class 0x0000000800c1cc00 'jdk/internal/reflect/GeneratedMethodAccessor4'
Event: 81.279 Thread 0x00007fe5380a1c10 Unloading class 0x0000000800c1c800 'jdk/internal/reflect/GeneratedMethodAccessor3'
Event: 81.279 Thread 0x00007fe5380a1c10 Unloading class 0x0000000800c1c400 'jdk/internal/reflect/GeneratedMethodAccessor2'
Event: 81.279 Thread 0x00007fe5380a1c10 Unloading class 0x0000000800c1c000 'jdk/internal/reflect/GeneratedMethodAccessor1'
Event: 81.279 Thread 0x00007fe5380a1c10 Unloading class 0x0000000800c01c00 'java/lang/invoke/LambdaForm$DMH+0x0000000800c01c00'

Classes redefined (0 events):
No events

Internal exceptions (20 events):
Event: 39.968 Thread 0x00007fe4c0007260 Exception <a 'sun/nio/fs/UnixException'{0x00000000f5ca3a98}> (0x00000000f5ca3a98) 
thrown [src/hotspot/share/prims/jni.cpp, line 516]
Event: 40.265 Thread 0x00007fe4c0007260 Exception <a 'java/lang/NoSuchMethodError'{0x00000000f57f4978}: 'java.lang.Object java.lang.invoke.DirectMethodHandle$Holder.invokeStatic(java.lang.Object, java.lang.Object, java.lang.Object, long)'> (0x00000000f57f4978) 
thrown [src/hotspot/share/interpreter/linkResolver.cpp, line 758]
Event: 40.267 Thread 0x00007fe4c0007260 Exception <a 'java/lang/NoSuchMethodError'{0x00000000f58053d8}: 'java.lang.Object java.lang.invoke.DirectMethodHandle$Holder.newInvokeSpecial(java.lang.Object, java.lang.Object, java.lang.Object, long)'> (0x00000000f58053d8) 
thrown [src/hotspot/share/interpreter/linkResolver.cpp, line 758]
Event: 40.267 Thread 0x00007fe4c0007260 Exception <a 'java/lang/NoSuchMethodError'{0x00000000f580a770}: 'java.lang.Object java.lang.invoke.DirectMethodHandle$Holder.invokeSpecial(java.lang.Object, java.lang.Object, java.lang.Object, java.lang.Object, long)'> (0x00000000f580a770) 
thrown [src/hotspot/share/interpreter/linkResolver.cpp, line 758]
Event: 40.267 Thread 0x00007fe4c0007260 Exception <a 'java/lang/NoSuchMethodError'{0x00000000f580e7b0}: 'java.lang.Object java.lang.invoke.Invokers$Holder.linkToTargetMethod(java.lang.Object, java.lang.Object, long, java.lang.Object)'> (0x00000000f580e7b0) 
thrown [src/hotspot/share/interpreter/linkResolver.cpp, line 758]
Event: 41.174 Thread 0x00007fe4a81d5e70 Exception <a 'java/lang/NoSuchMethodError'{0x00000000f58516f0}: 'java.lang.Object java.lang.invoke.DirectMethodHandle$Holder.invokeStatic(java.lang.Object, int, java.lang.Object, java.lang.Object, java.lang.Object, java.lang.Object)'> (0x00000000f58516f0) 
thrown [src/hotspot/share/interpreter/linkResolver.cpp, line 758]
Event: 41.480 Thread 0x00007fe4a81d43c0 Exception <a 'java/lang/NoSuchMethodError'{0x00000000f5e36fb0}: 'void java.lang.invoke.DirectMethodHandle$Holder.invokeSpecial(java.lang.Object, java.lang.Object, int)'> (0x00000000f5e36fb0) 
thrown [src/hotspot/share/interpreter/linkResolver.cpp, line 758]
Event: 41.480 Thread 0x00007fe4a81d6c50 Exception <a 'java/lang/NoSuchMethodError'{0x00000000f5e48cc0}: 'void java.lang.invoke.DirectMethodHandle$Holder.invokeSpecial(java.lang.Object, java.lang.Object, int)'> (0x00000000f5e48cc0) 
thrown [src/hotspot/share/interpreter/linkResolver.cpp, line 758]
Event: 41.480 Thread 0x00007fe4a81d4e90 Exception <a 'java/lang/NoSuchMethodError'{0x00000000f5e50c48}: 'void java.lang.invoke.DirectMethodHandle$Holder.invokeSpecial(java.lang.Object, java.lang.Object, int)'> (0x00000000f5e50c48) 
thrown [src/hotspot/share/interpreter/linkResolver.cpp, line 758]
Event: 43.991 Thread 0x00007fe4a81d37c0 Exception <a 'java/lang/NoSuchMethodError'{0x00000000f55950a0}: 'int java.lang.invoke.DirectMethodHandle$Holder.invokeSpecialIFC(java.lang.Object, java.lang.Object, java.lang.Object, java.lang.Object)'> (0x00000000f55950a0) 
thrown [src/hotspot/share/interpreter/linkResolver.cpp, line 758]
Event: 421.441 Thread 0x00007fe5380b21e0 Implicit null exception at 0x00007fe5271ae1d5 to 0x00007fe5271ae79e
Event: 624.694 Thread 0x00007fe4c0007260 Exception <a 'java/lang/OutOfMemoryError'{0x00000000e0004a40}> (0x00000000e0004a40) 
thrown [src/hotspot/share/gc/shared/memAllocator.cpp, line 136]
Event: 631.675 Thread 0x00007fe5380b21e0 Exception <a 'java/lang/OutOfMemoryError'{0x00000000e0004fe0}> (0x00000000e0004fe0) 
thrown [src/hotspot/share/gc/shared/memAllocator.cpp, line 138]
Event: 631.675 Thread 0x00007fe5380b21e0 Implicit null exception at 0x00007fe52701b9d9 to 0x00007fe52701ba24
Event: 640.055 Thread 0x00007fe4cc33a100 Exception <a 'java/lang/OutOfMemoryError'{0x00000000e0004d10}> (0x00000000e0004d10) 
thrown [src/hotspot/share/gc/shared/memAllocator.cpp, line 138]
Event: 640.055 Thread 0x00007fe4cc33a100 Implicit null exception at 0x00007fe5271d24d3 to 0x00007fe5271d2a6e
Event: 642.785 Thread 0x00007fe5383c2190 Exception <a 'java/lang/OutOfMemoryError'{0x00000000e0005030}> (0x00000000e0005030) 
thrown [src/hotspot/share/gc/shared/memAllocator.cpp, line 136]
Event: 645.539 Thread 0x00007fe4a81d6c50 Exception <a 'java/lang/OutOfMemoryError'{0x00000000e0004d10}> (0x00000000e0004d10) 
thrown [src/hotspot/share/gc/shared/memAllocator.cpp, line 138]
Event: 645.539 Thread 0x00007fe4a81d6c50 Implicit null exception at 0x00007fe52713d119 to 0x00007fe52713d5af
Event: 649.567 Thread 0x00007fe5380b21e0 Exception <a 'java/lang/OutOfMemoryError'{0x00000000e0005030}> (0x00000000e0005030) 
thrown [src/hotspot/share/gc/shared/memAllocator.cpp, line 136]

VM Operations (20 events):
Event: 628.779 Executing VM operation: ParallelGCFailedAllocation
Event: 631.675 Executing VM operation: ParallelGCFailedAllocation done
Event: 631.675 Executing VM operation: ParallelGCFailedAllocation
Event: 633.283 Executing VM operation: ParallelGCFailedAllocation done
Event: 633.287 Executing VM operation: ParallelGCFailedAllocation
Event: 634.576 Executing VM operation: ParallelGCFailedAllocation done
Event: 634.576 Executing VM operation: ParallelGCFailedAllocation
Event: 635.997 Executing VM operation: ParallelGCFailedAllocation done
Event: 635.997 Executing VM operation: ParallelGCFailedAllocation
Event: 637.284 Executing VM operation: ParallelGCFailedAllocation done
Event: 637.284 Executing VM operation: ParallelGCFailedAllocation
Event: 640.055 Executing VM operation: ParallelGCFailedAllocation done
Event: 640.055 Executing VM operation: ParallelGCFailedAllocation
Event: 642.785 Executing VM operation: ParallelGCFailedAllocation done
Event: 642.786 Executing VM operation: ParallelGCFailedAllocation
Event: 645.539 Executing VM operation: ParallelGCFailedAllocation done
Event: 645.540 Executing VM operation: ParallelGCFailedAllocation
Event: 646.905 Executing VM operation: ParallelGCFailedAllocation done
Event: 646.905 Executing VM operation: ParallelGCFailedAllocation
Event: 649.567 Executing VM operation: ParallelGCFailedAllocation done

Events (20 events):
Event: 57.379 Thread 0x00007fe5380b4b40 flushing nmethod 0x00007fe52086ce90
Event: 57.379 Thread 0x00007fe5380b4b40 flushing nmethod 0x00007fe52086d290
Event: 57.379 Thread 0x00007fe5380b4b40 flushing nmethod 0x00007fe52086db90
Event: 57.379 Thread 0x00007fe5380b4b40 flushing nmethod 0x00007fe520870990
Event: 57.379 Thread 0x00007fe5380b4b40 flushing nmethod 0x00007fe520872090
Event: 57.379 Thread 0x00007fe5380b4b40 flushing nmethod 0x00007fe520872a90
Event: 57.379 Thread 0x00007fe5380b4b40 flushing nmethod 0x00007fe520874010
Event: 57.380 Thread 0x00007fe5380b4b40 flushing nmethod 0x00007fe5208cdc10
Event: 57.380 Thread 0x00007fe5380b4b40 flushing nmethod 0x00007fe5208ecd10
Event: 62.189 Thread 0x00007fe53820e7a0 Thread exited: 0x00007fe53820e7a0
Event: 101.263 Thread 0x00007fe4cc314a40 Thread exited: 0x00007fe4cc314a40
Event: 102.590 Thread 0x00007fe4c8001550 Thread exited: 0x00007fe4c8001550
Event: 233.398 Thread 0x00007fe4a4000ff0 Thread exited: 0x00007fe4a4000ff0
Event: 323.314 Thread 0x00007fe4b430f2c0 Thread added: 0x00007fe4b430f2c0
Event: 323.314 Protecting memory [0x00007fe51c200000,0x00007fe51c204000] with protection modes 0
Event: 393.364 Thread 0x00007fe4a81d6c50 Thread added: 0x00007fe4a81d6c50
Event: 393.364 Protecting memory [0x00007fe4e3b00000,0x00007fe4e3b04000] with protection modes 0
Event: 419.587 Thread 0x00007fe4a81d4e90 Thread added: 0x00007fe4a81d4e90
Event: 419.587 Protecting memory [0x00007fe4e4900000,0x00007fe4e4904000] with protection modes 0
Event: 624.694 loading class java/net/UnknownServiceException


Dynamic libraries:
e0000000-f5580000 rw-p 00000000 00:00 0 
f5580000-f7180000 rw-p 00000000 00:00 0 
f7180000-100000000 ---p 00000000 00:00 0 
800000000-800449000 rw-p 00001000 00:1191 4611686019135357769            /nix/store/gpxl5qgg8kicmcvivwmybwjlpf7wh20l-graalvm17-ce-22.3.0/lib/server/classes.jsa
800449000-800bc8000 r--p 0044a000 00:1191 4611686019135357769            /nix/store/gpxl5qgg8kicmcvivwmybwjlpf7wh20l-graalvm17-ce-22.3.0/lib/server/classes.jsa
800bc8000-800c00000 ---p 00000000 00:00 0 
800c00000-800c20000 rw-p 00000000 00:00 0 
800c20000-800c40000 rw-p 00000000 00:00 0 
800c40000-800cc0000 rw-p 00000000 00:00 0 
800cc0000-800d00000 rw-p 00000000 00:00 0 
800d00000-800dc0000 rw-p 00000000 00:00 0 
800dc0000-800e00000 rw-p 00000000 00:00 0 
800e00000-800f40000 rw-p 00000000 00:00 0 
800f40000-800fc0000 rw-p 00000000 00:00 0 
800fc0000-801000000 rw-p 00000000 00:00 0 
801000000-8011b0000 rw-p 00000000 00:00 0 
8011b0000-840c00000 ---p 00000000 00:00 0 
55d6eb21a000-55d6eb21b000 r-xp 00000000 00:1191 4611686019099417844      /nix/store/gpxl5qgg8kicmcvivwmybwjlpf7wh20l-graalvm17-ce-22.3.0/bin/.java-wrapped
55d6eb21c000-55d6eb21d000 r--p 00001000 00:1191 4611686019099417844      /nix/store/gpxl5qgg8kicmcvivwmybwjlpf7wh20l-graalvm17-ce-22.3.0/bin/.java-wrapped
55d6eb21d000-55d6eb21e000 rw-p 00002000 00:1191 4611686019099417844      /nix/store/gpxl5qgg8kicmcvivwmybwjlpf7wh20l-graalvm17-ce-22.3.0/bin/.java-wrapped
55d6eb21e000-55d6eb21f000 rw-p 00004000 00:1191 4611686019099417844      /nix/store/gpxl5qgg8kicmcvivwmybwjlpf7wh20l-graalvm17-ce-22.3.0/bin/.java-wrapped
55d6eb21f000-55d6eb220000 rw-p 00005000 00:1191 4611686019099417844      /nix/store/gpxl5qgg8kicmcvivwmybwjlpf7wh20l-graalvm17-ce-22.3.0/bin/.java-wrapped
55d6eb6e1000-55d6eb729000 rw-p 00000000 00:00 0                          [heap]
7fe478000000-7fe478058000 rw-p 00000000 00:00 0 
7fe478058000-7fe47c000000 ---p 00000000 00:00 0 
7fe47c000000-7fe47c064000 rw-p 00000000 00:00 0 
7fe47c064000-7fe480000000 ---p 00000000 00:00 0 
7fe480000000-7fe48009b000 rw-p 00000000 00:00 0 
7fe48009b000-7fe484000000 ---p 00000000 00:00 0 
7fe484000000-7fe4840d0000 rw-p 00000000 00:00 0 
7fe4840d0000-7fe488000000 ---p 00000000 00:00 0 
7fe488000000-7fe4880da000 rw-p 00000000 00:00 0 
7fe4880da000-7fe48c000000 ---p 00000000 00:00 0 
7fe48e4b3000-7fe498000000 r--s 00000000 00:1191 4611686019135192581      /nix/store/gpxl5qgg8kicmcvivwmybwjlpf7wh20l-graalvm17-ce-22.3.0/lib/modules
7fe498000000-7fe49808f000 rw-p 00000000 00:00 0 
7fe49808f000-7fe49c000000 ---p 00000000 00:00 0 
7fe49c000000-7fe49c0d8000 rw-p 00000000 00:00 0 
7fe49c0d8000-7fe4a0000000 ---p 00000000 00:00 0 
7fe4a0600000-7fe4a0700000 ---p 00000000 00:00 0 
7fe4a0700000-7fe4a0caf000 r--p 01122000 00:1191 4611686019135190040      /nix/store/gpxl5qgg8kicmcvivwmybwjlpf7wh20l-graalvm17-ce-22.3.0/lib/libjvmcicompiler.so
7fe4a0caf000-7fe4a0e00000 r--p 00000000 00:00 0 
7fe4a0e00000-7fe4a0e3d000 rw-p 00000000 00:00 0 
7fe4a0e3d000-7fe4a135d000 rw-p 0185f000 00:1191 4611686019135190040      /nix/store/gpxl5qgg8kicmcvivwmybwjlpf7wh20l-graalvm17-ce-22.3.0/lib/libjvmcicompiler.so
7fe4a135d000-7fe4a1744000 r--p 01d7f000 00:1191 4611686019135190040      /nix/store/gpxl5qgg8kicmcvivwmybwjlpf7wh20l-graalvm17-ce-22.3.0/lib/libjvmcicompiler.so
7fe4a1800000-7fe4a1900000 rw-p 00000000 00:00 0 
7fe4a1900000-7fe4a2000000 ---p 00000000 00:00 0 
7fe4a2800000-7fe4a3000000 rw-p 00000000 00:00 0 
7fe4a3000000-7fe4a33e0000 rw-p 00000000 00:00 0 
7fe4a33e0000-7fe4a3400000 rw-p 00000000 00:00 0 
7fe4a3400000-7fe4a3500000 rw-p 00000000 00:00 0 
7fe4a3500000-7fe4a35c0000 rw-p 00000000 00:00 0 
7fe4a35c0000-7fe4a3600000 ---p 00000000 00:00 0 
7fe4a3600000-7fe4a3800000 rw-p 00000000 00:00 0 
7fe4a3800000-7fe4a3900000 rw-p 00000000 00:00 0 
7fe4a3900000-7fe4a3b00000 rw-p 00000000 00:00 0 
7fe4a3b00000-7fe4a3c00000 rw-p 00000000 00:00 0 
7fe4a3c00000-7fe4a3d00000 rw-p 00000000 00:00 0 
7fe4a3d00000-7fe4a3e00000 rw-p 00000000 00:00 0 
7fe4a3e00000-7fe4a3f80000 rw-p 00000000 00:00 0 
7fe4a3f80000-7fe4a4000000 rw-p 00000000 00:00 0 
7fe4a4000000-7fe4a4145000 rw-p 00000000 00:00 0 
7fe4a4145000-7fe4a8000000 ---p 00000000 00:00 0 
7fe4a8000000-7fe4a820a000 rw-p 00000000 00:00 0 
7fe4a820a000-7fe4ac000000 ---p 00000000 00:00 0 
7fe4ac000000-7fe4ac021000 rw-p 00000000 00:00 0 
7fe4ac021000-7fe4b0000000 ---p 00000000 00:00 0 
7fe4b0000000-7fe4b0021000 rw-p 00000000 00:00 0 
7fe4b0021000-7fe4b4000000 ---p 00000000 00:00 0 
7fe4b4000000-7fe4b4311000 rw-p 00000000 00:00 0 
7fe4b4311000-7fe4b8000000 ---p 00000000 00:00 0 
7fe4b8000000-7fe4b8069000 rw-p 00000000 00:00 0 
7fe4b8069000-7fe4bc000000 ---p 00000000 00:00 0 
7fe4bc000000-7fe4bc021000 rw-p 00000000 00:00 0 
7fe4bc021000-7fe4c0000000 ---p 00000000 00:00 0 
7fe4c0000000-7fe4c003b000 rw-p 00000000 00:00 0 
7fe4c003b000-7fe4c4000000 ---p 00000000 00:00 0 
7fe4c4000000-7fe4c4021000 rw-p 00000000 00:00 0 
7fe4c4021000-7fe4c8000000 ---p 00000000 00:00 0 
7fe4c8000000-7fe4c8082000 rw-p 00000000 00:00 0 
7fe4c8082000-7fe4cc000000 ---p 00000000 00:00 0 
7fe4cc000000-7fe4cc8f9000 rw-p 00000000 00:00 0 
7fe4cc8f9000-7fe4d0000000 ---p 00000000 00:00 0 
7fe4d0000000-7fe4d0026000 rw-p 00000000 00:00 0 
7fe4d0026000-7fe4d4000000 ---p 00000000 00:00 0 
7fe4d4000000-7fe4d4021000 rw-p 00000000 00:00 0 
7fe4d4021000-7fe4d8000000 ---p 00000000 00:00 0 
7fe4d8000000-7fe4d8021000 rw-p 00000000 00:00 0 
7fe4d8021000-7fe4dc000000 ---p 00000000 00:00 0 
7fe4dc000000-7fe4dc021000 rw-p 00000000 00:00 0 
7fe4dc021000-7fe4e0000000 ---p 00000000 00:00 0 
7fe4e0000000-7fe4e0100000 rw-p 00000000 00:00 0 
7fe4e0100000-7fe4e0200000 rw-p 00000000 00:00 0 
7fe4e0200000-7fe4e07c0000 rw-p 00000000 00:00 0 
7fe4e07c0000-7fe4e0800000 rw-p 00000000 00:00 0 
7fe4e0800000-7fe4e0900000 rw-p 00000000 00:00 0 
7fe4e0900000-7fe4e0a00000 rw-p 00000000 00:00 0 
7fe4e0a00000-7fe4e0d00000 rw-p 00000000 00:00 0 
7fe4e0d00000-7fe4e0e00000 rw-p 00000000 00:00 0 
7fe4e0e00000-7fe4e1000000 rw-p 00000000 00:00 0 
7fe4e2000000-7fe4e2010000 r-xp 00000000 00:1176 356                      /home/runner/.cache/jdt-language-server/config/org.eclipse.equinox.launcher/org.eclipse.equinox.launcher.gtk.linux.x86_64_1.2.400.v20211117-0650/eclipse_11600.so
7fe4e2010000-7fe4e220f000 ---p 00010000 00:1176 356                      /home/runner/.cache/jdt-language-server/config/org.eclipse.equinox.launcher/org.eclipse.equinox.launcher.gtk.linux.x86_64_1.2.400.v20211117-0650/eclipse_11600.so
7fe4e220f000-7fe4e2210000 r--p 0000f000 00:1176 356                      /home/runner/.cache/jdt-language-server/config/org.eclipse.equinox.launcher/org.eclipse.equinox.launcher.gtk.linux.x86_64_1.2.400.v20211117-0650/eclipse_11600.so
7fe4e2210000-7fe4e2211000 rw-p 00010000 00:1176 356                      /home/runner/.cache/jdt-language-server/config/org.eclipse.equinox.launcher/org.eclipse.equinox.launcher.gtk.linux.x86_64_1.2.400.v20211117-0650/eclipse_11600.so
7fe4e3100000-7fe4e3104000 ---p 00000000 00:00 0 
7fe4e3104000-7fe4e3200000 rw-p 00000000 00:00 0 
7fe4e3300000-7fe4e3304000 ---p 00000000 00:00 0 
7fe4e3304000-7fe4e3400000 rw-p 00000000 00:00 0 
7fe4e3500000-7fe4e3504000 ---p 00000000 00:00 0 
7fe4e3504000-7fe4e3600000 rw-p 00000000 00:00 0 
7fe4e3700000-7fe4e3704000 ---p 00000000 00:00 0 
7fe4e3704000-7fe4e3800000 rw-p 00000000 00:00 0 
7fe4e3900000-7fe4e3904000 ---p 00000000 00:00 0 
7fe4e3904000-7fe4e3a00000 rw-p 00000000 00:00 0 
7fe4e3b00000-7fe4e3b04000 ---p 00000000 00:00 0 
7fe4e3b04000-7fe4e3c00000 rw-p 00000000 00:00 0 
7fe4e3d00000-7fe4e3d04000 ---p 00000000 00:00 0 
7fe4e3d04000-7fe4e3e00000 rw-p 00000000 00:00 0 
7fe4e3f00000-7fe4e3f04000 ---p 00000000 00:00 0 
7fe4e3f04000-7fe4e4000000 rw-p 00000000 00:00 0 
7fe4e4100000-7fe4e4104000 ---p 00000000 00:00 0 
7fe4e4104000-7fe4e4200000 rw-p 00000000 00:00 0 
7fe4e4300000-7fe4e4304000 ---p 00000000 00:00 0 
7fe4e4304000-7fe4e4400000 rw-p 00000000 00:00 0 
7fe4e4500000-7fe4e4504000 ---p 00000000 00:00 0 
7fe4e4504000-7fe4e4600000 rw-p 00000000 00:00 0 
7fe4e4700000-7fe4e4704000 ---p 00000000 00:00 0 
7fe4e4704000-7fe4e4800000 rw-p 00000000 00:00 0 
7fe4e4900000-7fe4e4904000 ---p 00000000 00:00 0 
7fe4e4904000-7fe4e4a00000 rw-p 00000000 00:00 0 
7fe4e5668000-7fe4e5b00000 rw-p 00000000 00:00 0 
7fe4e5c00000-7fe4e7d6a000 r-xp 00000000 00:1191 4611686019135190040      /nix/store/gpxl5qgg8kicmcvivwmybwjlpf7wh20l-graalvm17-ce-22.3.0/lib/libjvmcicompiler.so
7fe4e7d6a000-7fe4e7f69000 ---p 0216a000 00:1191 4611686019135190040      /nix/store/gpxl5qgg8kicmcvivwmybwjlpf7wh20l-graalvm17-ce-22.3.0/lib/libjvmcicompiler.so
7fe4e7f69000-7fe4e7f6a000 r--p 02169000 00:1191 4611686019135190040      /nix/store/gpxl5qgg8kicmcvivwmybwjlpf7wh20l-graalvm17-ce-22.3.0/lib/libjvmcicompiler.so
7fe4e7f6a000-7fe4e7f6c000 rw-p 0216a000 00:1191 4611686019135190040      /nix/store/gpxl5qgg8kicmcvivwmybwjlpf7wh20l-graalvm17-ce-22.3.0/lib/libjvmcicompiler.so
7fe4e7f6c000-7fe4e7f6d000 rw-p 00000000 00:00 0 
7fe4e7f6d000-7fe4e7f72000 rw-p 023c3000 00:1191 4611686019135190040      /nix/store/gpxl5qgg8kicmcvivwmybwjlpf7wh20l-graalvm17-ce-22.3.0/lib/libjvmcicompiler.so
7fe4e8000000-7fe4e8021000 rw-p 00000000 00:00 0 
7fe4e8021000-7fe4ec000000 ---p 00000000 00:00 0 
7fe4ec000000-7fe4ec021000 rw-p 00000000 00:00 0 
7fe4ec021000-7fe4f0000000 ---p 00000000 00:00 0 
7fe4f0000000-7fe4f0021000 rw-p 00000000 00:00 0 
7fe4f0021000-7fe4f4000000 ---p 00000000 00:00 0 
7fe4f4000000-7fe4f4021000 rw-p 00000000 00:00 0 
7fe4f4021000-7fe4f8000000 ---p 00000000 00:00 0 
7fe4f8000000-7fe4f80e9000 rw-p 00000000 00:00 0 
7fe4f80e9000-7fe4fc000000 ---p 00000000 00:00 0 
7fe4fc000000-7fe4fcaec000 rw-p 00000000 00:00 0 
7fe4fcaec000-7fe500000000 ---p 00000000 00:00 0 
7fe500000000-7fe500021000 rw-p 00000000 00:00 0 
7fe500021000-7fe504000000 ---p 00000000 00:00 0 
7fe504000000-7fe504021000 rw-p 00000000 00:00 0 
7fe504021000-7fe508000000 ---p 00000000 00:00 0 
7fe508000000-7fe508021000 rw-p 00000000 00:00 0 
7fe508021000-7fe50c000000 ---p 00000000 00:00 0 
7fe50c000000-7fe50c021000 rw-p 00000000 00:00 0 
7fe50c021000-7fe510000000 ---p 00000000 00:00 0 
7fe510000000-7fe510021000 rw-p 00000000 00:00 0 
7fe510021000-7fe514000000 ---p 00000000 00:00 0 
7fe514000000-7fe514021000 rw-p 00000000 00:00 0 
7fe514021000-7fe518000000 ---p 00000000 00:00 0 
7fe518000000-7fe5181d3000 rw-p 00000000 00:00 0 
7fe5181d3000-7fe51c000000 ---p 00000000 00:00 0 
7fe51c000000-7fe51c004000 ---p 00000000 00:00 0 
7fe51c004000-7fe51c100000 rw-p 00000000 00:00 0 
7fe51c100000-7fe51c104000 ---p 00000000 00:00 0 
7fe51c104000-7fe51c200000 rw-p 00000000 00:00 0 
7fe51c200000-7fe51c204000 ---p 00000000 00:00 0 
7fe51c204000-7fe51c300000 rw-p 00000000 00:00 0 
7fe51c400000-7fe51c404000 ---p 00000000 00:00 0 
7fe51c404000-7fe51c500000 rw-p 00000000 00:00 0 
7fe51c600000-7fe51c604000 ---p 00000000 00:00 0 
7fe51c604000-7fe51c700000 rw-p 00000000 00:00 0 
7fe51c800000-7fe51c804000 ---p 00000000 00:00 0 
7fe51c804000-7fe51c900000 rw-p 00000000 00:00 0 
7fe51ca00000-7fe51ca04000 ---p 00000000 00:00 0 
7fe51ca04000-7fe51cb00000 rw-p 00000000 00:00 0 
7fe51cc00000-7fe51cc04000 ---p 00000000 00:00 0 
7fe51cc04000-7fe51cd00000 rw-p 00000000 00:00 0 
7fe51ce18000-7fe51ce19000 ---p 00000000 00:00 0 
7fe51ce19000-7fe51cf1a000 rw-p 00000000 00:00 0 
7fe51cf1a000-7fe51cf1e000 ---p 00000000 00:00 0 
7fe51cf1e000-7fe51d01a000 rw-p 00000000 00:00 0 
7fe51d01a000-7fe51d01e000 ---p 00000000 00:00 0 
7fe51d01e000-7fe51d11a000 rw-p 00000000 00:00 0 
7fe51d11a000-7fe51d11e000 ---p 00000000 00:00 0 
7fe51d11e000-7fe51d21a000 rw-p 00000000 00:00 0 
7fe51d21a000-7fe51d21e000 ---p 00000000 00:00 0 
7fe51d21e000-7fe51d41a000 rw-p 00000000 00:00 0 
7fe51d41a000-7fe51d41e000 ---p 00000000 00:00 0 
7fe51d41e000-7fe51d61a000 rw-p 00000000 00:00 0 
7fe51d61a000-7fe51d61e000 ---p 00000000 00:00 0 
7fe51d61e000-7fe51d71a000 rw-p 00000000 00:00 0 
7fe51d71a000-7fe51d71e000 ---p 00000000 00:00 0 
7fe51d71e000-7fe51d81a000 rw-p 00000000 00:00 0 
7fe51d81a000-7fe51d81e000 ---p 00000000 00:00 0 
7fe51d81e000-7fe51d91a000 rw-p 00000000 00:00 0 
7fe51d91a000-7fe51dc00000 r--p 00000000 00:80a 28444448                  /usr/lib/locale/locale-archive
7fe51dc00000-7fe51e000000 rw-p 00000000 00:00 0 
7fe51e000000-7fe51e300000 rw-p 00000000 00:00 0 
7fe51e300000-7fe51e400000 rw-p 00000000 00:00 0 
7fe51e4b3000-7fe51f4b3000 rw-p 00000000 00:00 0 
7fe51f4b3000-7fe51f723000 rwxp 00000000 00:00 0 
7fe51f723000-7fe51fa42000 ---p 00000000 00:00 0 
7fe51fa42000-7fe520902000 rwxp 00000000 00:00 0 
7fe520902000-7fe526f7a000 ---p 00000000 00:00 0 
7fe526f7a000-7fe5271ea000 rwxp 00000000 00:00 0 
7fe5271ea000-7fe52e4b3000 ---p 00000000 00:00 0 
7fe52e4b3000-7fe538000000 r--s 00000000 00:1191 4611686019135192581      /nix/store/gpxl5qgg8kicmcvivwmybwjlpf7wh20l-graalvm17-ce-22.3.0/lib/modules
7fe538000000-7fe53860a000 rw-p 00000000 00:00 0 
7fe53860a000-7fe53c000000 ---p 00000000 00:00 0 
7fe53c007000-7fe53c009000 r-xp 00000000 00:1191 4611686019135190017      /nix/store/gpxl5qgg8kicmcvivwmybwjlpf7wh20l-graalvm17-ce-22.3.0/lib/libextnet.so
7fe53c009000-7fe53c00a000 r--p 00001000 00:1191 4611686019135190017      /nix/store/gpxl5qgg8kicmcvivwmybwjlpf7wh20l-graalvm17-ce-22.3.0/lib/libextnet.so
7fe53c00a000-7fe53c00b000 rw-p 00002000 00:1191 4611686019135190017      /nix/store/gpxl5qgg8kicmcvivwmybwjlpf7wh20l-graalvm17-ce-22.3.0/lib/libextnet.so
7fe53c00b000-7fe53c00c000 rw-p 00004000 00:1191 4611686019135190017      /nix/store/gpxl5qgg8kicmcvivwmybwjlpf7wh20l-graalvm17-ce-22.3.0/lib/libextnet.so
7fe53c00c000-7fe53c010000 ---p 00000000 00:00 0 
7fe53c010000-7fe53c02e000 rw-p 00000000 00:00 0 
7fe53c02e000-7fe53c035000 r-xp 00000000 00:1191 4611686019135192580      /nix/store/gpxl5qgg8kicmcvivwmybwjlpf7wh20l-graalvm17-ce-22.3.0/lib/libzip.so
7fe53c035000-7fe53c036000 ---p 00007000 00:1191 4611686019135192580      /nix/store/gpxl5qgg8kicmcvivwmybwjlpf7wh20l-graalvm17-ce-22.3.0/lib/libzip.so
7fe53c036000-7fe53c037000 r--p 00007000 00:1191 4611686019135192580      /nix/store/gpxl5qgg8kicmcvivwmybwjlpf7wh20l-graalvm17-ce-22.3.0/lib/libzip.so
7fe53c037000-7fe53c038000 rw-p 00008000 00:1191 4611686019135192580      /nix/store/gpxl5qgg8kicmcvivwmybwjlpf7wh20l-graalvm17-ce-22.3.0/lib/libzip.so
7fe53c038000-7fe53c03a000 rw-p 0000b000 00:1191 4611686019135192580      /nix/store/gpxl5qgg8kicmcvivwmybwjlpf7wh20l-graalvm17-ce-22.3.0/lib/libzip.so
7fe53c03a000-7fe53c04f000 r-xp 00000000 00:1191 4611686019135192570      /nix/store/gpxl5qgg8kicmcvivwmybwjlpf7wh20l-graalvm17-ce-22.3.0/lib/libnet.so
7fe53c04f000-7fe53c050000 ---p 00015000 00:1191 4611686019135192570      /nix/store/gpxl5qgg8kicmcvivwmybwjlpf7wh20l-graalvm17-ce-22.3.0/lib/libnet.so
7fe53c050000-7fe53c051000 r--p 00015000 00:1191 4611686019135192570      /nix/store/gpxl5qgg8kicmcvivwmybwjlpf7wh20l-graalvm17-ce-22.3.0/lib/libnet.so
7fe53c051000-7fe53c052000 rw-p 00016000 00:1191 4611686019135192570      /nix/store/gpxl5qgg8kicmcvivwmybwjlpf7wh20l-graalvm17-ce-22.3.0/lib/libnet.so
7fe53c052000-7fe53c055000 rw-p 0001b000 00:1191 4611686019135192570      /nix/store/gpxl5qgg8kicmcvivwmybwjlpf7wh20l-graalvm17-ce-22.3.0/lib/libnet.so
7fe53c055000-7fe53c068000 r-xp 00000000 00:1191 4611686019135192571      /nix/store/gpxl5qgg8kicmcvivwmybwjlpf7wh20l-graalvm17-ce-22.3.0/lib/libnio.so
7fe53c068000-7fe53c069000 r--p 00012000 00:1191 4611686019135192571      /nix/store/gpxl5qgg8kicmcvivwmybwjlpf7wh20l-graalvm17-ce-22.3.0/lib/libnio.so
7fe53c069000-7fe53c06a000 rw-p 00013000 00:1191 4611686019135192571      /nix/store/gpxl5qgg8kicmcvivwmybwjlpf7wh20l-graalvm17-ce-22.3.0/lib/libnio.so
7fe53c06a000-7fe53c06f000 rw-p 00019000 00:1191 4611686019135192571      /nix/store/gpxl5qgg8kicmcvivwmybwjlpf7wh20l-graalvm17-ce-22.3.0/lib/libnio.so
7fe53c06f000-7fe53c073000 ---p 00000000 00:00 0 
7fe53c073000-7fe53c16f000 rw-p 00000000 00:00 0 
7fe53c16f000-7fe53c173000 ---p 00000000 00:00 0 
7fe53c173000-7fe53c26f000 rw-p 00000000 00:00 0 
7fe53c26f000-7fe53c270000 ---p 00000000 00:00 0 
7fe53c270000-7fe53c371000 rw-p 00000000 00:00 0 
7fe53c371000-7fe53c43f000 r-xp 00000000 00:1191 4611686019135190036      /nix/store/gpxl5qgg8kicmcvivwmybwjlpf7wh20l-graalvm17-ce-22.3.0/lib/libjsvml.so
7fe53c43f000-7fe53c440000 r--p 000cd000 00:1191 4611686019135190036      /nix/store/gpxl5qgg8kicmcvivwmybwjlpf7wh20l-graalvm17-ce-22.3.0/lib/libjsvml.so
7fe53c440000-7fe53c441000 rw-p 000ce000 00:1191 4611686019135190036      /nix/store/gpxl5qgg8kicmcvivwmybwjlpf7wh20l-graalvm17-ce-22.3.0/lib/libjsvml.so
7fe53c441000-7fe53cd19000 rw-p 00000000 00:00 0 
7fe53cd19000-7fe53cd1a000 ---p 00000000 00:00 0 
7fe53cd1a000-7fe53cec5000 rw-p 00000000 00:00 0 
7fe53cec5000-7fe53ced4000 rw-p 00000000 00:00 0 
7fe53ced4000-7fe53cf1b000 ---p 00000000 00:00 0 
7fe53cf1b000-7fe53cf21000 rw-p 00000000 00:00 0 
7fe53cf21000-7fe53d007000 ---p 00000000 00:00 0 
7fe53d007000-7fe53d025000 rw-p 00000000 00:00 0 
7fe53d025000-7fe53d0f2000 ---p 00000000 00:00 0 
7fe53d0f2000-7fe53d0f7000 rw-p 00000000 00:00 0 
7fe53d0f7000-7fe53d0fe000 ---p 00000000 00:00 0 
7fe53d0fe000-7fe53d122000 r-xp 00000000 00:1191 4611686019135190028      /nix/store/gpxl5qgg8kicmcvivwmybwjlpf7wh20l-graalvm17-ce-22.3.0/lib/libjava.so
7fe53d122000-7fe53d123000 ---p 00024000 00:1191 4611686019135190028      /nix/store/gpxl5qgg8kicmcvivwmybwjlpf7wh20l-graalvm17-ce-22.3.0/lib/libjava.so
7fe53d123000-7fe53d124000 r--p 00024000 00:1191 4611686019135190028      /nix/store/gpxl5qgg8kicmcvivwmybwjlpf7wh20l-graalvm17-ce-22.3.0/lib/libjava.so
7fe53d124000-7fe53d125000 rw-p 00025000 00:1191 4611686019135190028      /nix/store/gpxl5qgg8kicmcvivwmybwjlpf7wh20l-graalvm17-ce-22.3.0/lib/libjava.so
7fe53d125000-7fe53d126000 rw-p 00000000 00:00 0 
7fe53d126000-7fe53d12d000 rw-p 0002f000 00:1191 4611686019135190028      /nix/store/gpxl5qgg8kicmcvivwmybwjlpf7wh20l-graalvm17-ce-22.3.0/lib/libjava.so
7fe53d12d000-7fe53d135000 rw-s 00000000 00:8b5 353                       /tmp/hsperfdata_runner/29
7fe53d135000-7fe53d136000 ---p 00000000 00:00 0 
7fe53d136000-7fe53d137000 r--p 00000000 00:00 0 
7fe53d137000-7fe53d138000 rwxp 00000000 00:00 0 
7fe53d138000-7fe53d153000 r-xp 00000000 00:1191 4611686019135190032      /nix/store/gpxl5qgg8kicmcvivwmybwjlpf7wh20l-graalvm17-ce-22.3.0/lib/libjimage.so
7fe53d153000-7fe53d154000 ---p 0001b000 00:1191 4611686019135190032      /nix/store/gpxl5qgg8kicmcvivwmybwjlpf7wh20l-graalvm17-ce-22.3.0/lib/libjimage.so
7fe53d154000-7fe53d156000 r--p 0001b000 00:1191 4611686019135190032      /nix/store/gpxl5qgg8kicmcvivwmybwjlpf7wh20l-graalvm17-ce-22.3.0/lib/libjimage.so
7fe53d156000-7fe53d157000 rw-p 0001d000 00:1191 4611686019135190032      /nix/store/gpxl5qgg8kicmcvivwmybwjlpf7wh20l-graalvm17-ce-22.3.0/lib/libjimage.so
7fe53d157000-7fe53d158000 rw-p 00024000 00:1191 4611686019135190032      /nix/store/gpxl5qgg8kicmcvivwmybwjlpf7wh20l-graalvm17-ce-22.3.0/lib/libjimage.so
7fe53d158000-7fe53d15c000 ---p 00000000 00:00 0 
7fe53d15c000-7fe53d258000 rw-p 00000000 00:00 0 
7fe53d258000-7fe53d266000 r--p 00000000 00:1191 4611686019027979927      /nix/store/4nlgxhb09sdr51nc9hdm8az5b08vzkgx-glibc-2.35-163/lib/libm.so.6
7fe53d266000-7fe53d2d9000 r-xp 0000e000 00:1191 4611686019027979927      /nix/store/4nlgxhb09sdr51nc9hdm8az5b08vzkgx-glibc-2.35-163/lib/libm.so.6
7fe53d2d9000-7fe53d336000 r--p 00081000 00:1191 4611686019027979927      /nix/store/4nlgxhb09sdr51nc9hdm8az5b08vzkgx-glibc-2.35-163/lib/libm.so.6
7fe53d336000-7fe53d337000 r--p 000dd000 00:1191 4611686019027979927      /nix/store/4nlgxhb09sdr51nc9hdm8az5b08vzkgx-glibc-2.35-163/lib/libm.so.6
7fe53d337000-7fe53d338000 rw-p 000de000 00:1191 4611686019027979927      /nix/store/4nlgxhb09sdr51nc9hdm8az5b08vzkgx-glibc-2.35-163/lib/libm.so.6
7fe53d338000-7fe53d339000 r--p 00000000 00:1191 4611686019027979946      /nix/store/4nlgxhb09sdr51nc9hdm8az5b08vzkgx-glibc-2.35-163/lib/librt.so.1
7fe53d339000-7fe53d33a000 r-xp 00001000 00:1191 4611686019027979946      /nix/store/4nlgxhb09sdr51nc9hdm8az5b08vzkgx-glibc-2.35-163/lib/librt.so.1
7fe53d33a000-7fe53d33b000 r--p 00002000 00:1191 4611686019027979946      /nix/store/4nlgxhb09sdr51nc9hdm8az5b08vzkgx-glibc-2.35-163/lib/librt.so.1
7fe53d33b000-7fe53d33c000 r--p 00002000 00:1191 4611686019027979946      /nix/store/4nlgxhb09sdr51nc9hdm8az5b08vzkgx-glibc-2.35-163/lib/librt.so.1
7fe53d33c000-7fe53d33d000 rw-p 00003000 00:1191 4611686019027979946      /nix/store/4nlgxhb09sdr51nc9hdm8az5b08vzkgx-glibc-2.35-163/lib/librt.so.1
7fe53d33d000-7fe53e450000 r-xp 00000000 00:1191 4611686019135360866      /nix/store/gpxl5qgg8kicmcvivwmybwjlpf7wh20l-graalvm17-ce-22.3.0/lib/server/libjvm.so
7fe53e450000-7fe53e451000 ---p 01113000 00:1191 4611686019135360866      /nix/store/gpxl5qgg8kicmcvivwmybwjlpf7wh20l-graalvm17-ce-22.3.0/lib/server/libjvm.so
7fe53e451000-7fe53e506000 r--p 01113000 00:1191 4611686019135360866      /nix/store/gpxl5qgg8kicmcvivwmybwjlpf7wh20l-graalvm17-ce-22.3.0/lib/server/libjvm.so
7fe53e506000-7fe53e53a000 rw-p 011c8000 00:1191 4611686019135360866      /nix/store/gpxl5qgg8kicmcvivwmybwjlpf7wh20l-graalvm17-ce-22.3.0/lib/server/libjvm.so
7fe53e53a000-7fe53e596000 rw-p 00000000 00:00 0 
7fe53e596000-7fe53e5be000 r--p 00000000 00:1191 4611686019027979918      /nix/store/4nlgxhb09sdr51nc9hdm8az5b08vzkgx-glibc-2.35-163/lib/libc.so.6
7fe53e5be000-7fe53e734000 r-xp 00028000 00:1191 4611686019027979918      /nix/store/4nlgxhb09sdr51nc9hdm8az5b08vzkgx-glibc-2.35-163/lib/libc.so.6
7fe53e734000-7fe53e78c000 r--p 0019e000 00:1191 4611686019027979918      /nix/store/4nlgxhb09sdr51nc9hdm8az5b08vzkgx-glibc-2.35-163/lib/libc.so.6
7fe53e78c000-7fe53e790000 r--p 001f6000 00:1191 4611686019027979918      /nix/store/4nlgxhb09sdr51nc9hdm8az5b08vzkgx-glibc-2.35-163/lib/libc.so.6
7fe53e790000-7fe53e792000 rw-p 001fa000 00:1191 4611686019027979918      /nix/store/4nlgxhb09sdr51nc9hdm8az5b08vzkgx-glibc-2.35-163/lib/libc.so.6
7fe53e792000-7fe53e7a1000 rw-p 00000000 00:00 0 
7fe53e7a1000-7fe53e7a2000 r--p 00000000 00:1191 4611686019027979923      /nix/store/4nlgxhb09sdr51nc9hdm8az5b08vzkgx-glibc-2.35-163/lib/libdl.so.2
7fe53e7a2000-7fe53e7a3000 r-xp 00001000 00:1191 4611686019027979923      /nix/store/4nlgxhb09sdr51nc9hdm8az5b08vzkgx-glibc-2.35-163/lib/libdl.so.2
7fe53e7a3000-7fe53e7a4000 r--p 00002000 00:1191 4611686019027979923      /nix/store/4nlgxhb09sdr51nc9hdm8az5b08vzkgx-glibc-2.35-163/lib/libdl.so.2
7fe53e7a4000-7fe53e7a5000 r--p 00002000 00:1191 4611686019027979923      /nix/store/4nlgxhb09sdr51nc9hdm8az5b08vzkgx-glibc-2.35-163/lib/libdl.so.2
7fe53e7a5000-7fe53e7a6000 rw-p 00003000 00:1191 4611686019027979923      /nix/store/4nlgxhb09sdr51nc9hdm8az5b08vzkgx-glibc-2.35-163/lib/libdl.so.2
7fe53e7a6000-7fe53e7a7000 r--p 00000000 00:1191 4611686019027979942      /nix/store/4nlgxhb09sdr51nc9hdm8az5b08vzkgx-glibc-2.35-163/lib/libpthread.so.0
7fe53e7a7000-7fe53e7a8000 r-xp 00001000 00:1191 4611686019027979942      /nix/store/4nlgxhb09sdr51nc9hdm8az5b08vzkgx-glibc-2.35-163/lib/libpthread.so.0
7fe53e7a8000-7fe53e7a9000 r--p 00002000 00:1191 4611686019027979942      /nix/store/4nlgxhb09sdr51nc9hdm8az5b08vzkgx-glibc-2.35-163/lib/libpthread.so.0
7fe53e7a9000-7fe53e7aa000 r--p 00002000 00:1191 4611686019027979942      /nix/store/4nlgxhb09sdr51nc9hdm8az5b08vzkgx-glibc-2.35-163/lib/libpthread.so.0
7fe53e7aa000-7fe53e7ab000 rw-p 00003000 00:1191 4611686019027979942      /nix/store/4nlgxhb09sdr51nc9hdm8az5b08vzkgx-glibc-2.35-163/lib/libpthread.so.0
7fe53e7ab000-7fe53e7b9000 r-xp 00000000 00:1191 4611686019135190033      /nix/store/gpxl5qgg8kicmcvivwmybwjlpf7wh20l-graalvm17-ce-22.3.0/lib/libjli.so
7fe53e7b9000-7fe53e7ba000 ---p 0000e000 00:1191 4611686019135190033      /nix/store/gpxl5qgg8kicmcvivwmybwjlpf7wh20l-graalvm17-ce-22.3.0/lib/libjli.so
7fe53e7ba000-7fe53e7bb000 r--p 0000e000 00:1191 4611686019135190033      /nix/store/gpxl5qgg8kicmcvivwmybwjlpf7wh20l-graalvm17-ce-22.3.0/lib/libjli.so
7fe53e7bb000-7fe53e7bc000 rw-p 0000f000 00:1191 4611686019135190033      /nix/store/gpxl5qgg8kicmcvivwmybwjlpf7wh20l-graalvm17-ce-22.3.0/lib/libjli.so
7fe53e7bc000-7fe53e7bd000 rw-p 00012000 00:1191 4611686019135190033      /nix/store/gpxl5qgg8kicmcvivwmybwjlpf7wh20l-graalvm17-ce-22.3.0/lib/libjli.so
7fe53e7bd000-7fe53e7c0000 r--p 00000000 00:1191 4611686019106210071      /nix/store/026hln0aq1hyshaxsdvhg0kmcm6yf45r-zlib-1.2.13/lib/libz.so.1.2.13
7fe53e7c0000-7fe53e7d2000 r-xp 00003000 00:1191 4611686019106210071      /nix/store/026hln0aq1hyshaxsdvhg0kmcm6yf45r-zlib-1.2.13/lib/libz.so.1.2.13
7fe53e7d2000-7fe53e7d9000 r--p 00015000 00:1191 4611686019106210071      /nix/store/026hln0aq1hyshaxsdvhg0kmcm6yf45r-zlib-1.2.13/lib/libz.so.1.2.13
7fe53e7d9000-7fe53e7da000 r--p 0001b000 00:1191 4611686019106210071      /nix/store/026hln0aq1hyshaxsdvhg0kmcm6yf45r-zlib-1.2.13/lib/libz.so.1.2.13
7fe53e7da000-7fe53e7db000 rw-p 0001c000 00:1191 4611686019106210071      /nix/store/026hln0aq1hyshaxsdvhg0kmcm6yf45r-zlib-1.2.13/lib/libz.so.1.2.13
7fe53e7db000-7fe53e7dd000 rw-p 00000000 00:00 0 
7fe53e7dd000-7fe53e7df000 r--p 00000000 00:1191 4611686019027979912      /nix/store/4nlgxhb09sdr51nc9hdm8az5b08vzkgx-glibc-2.35-163/lib/ld-linux-x86-64.so.2
7fe53e7df000-7fe53e806000 r-xp 00002000 00:1191 4611686019027979912      /nix/store/4nlgxhb09sdr51nc9hdm8az5b08vzkgx-glibc-2.35-163/lib/ld-linux-x86-64.so.2
7fe53e806000-7fe53e812000 r--p 00029000 00:1191 4611686019027979912      /nix/store/4nlgxhb09sdr51nc9hdm8az5b08vzkgx-glibc-2.35-163/lib/ld-linux-x86-64.so.2
7fe53e812000-7fe53e814000 r--p 00034000 00:1191 4611686019027979912      /nix/store/4nlgxhb09sdr51nc9hdm8az5b08vzkgx-glibc-2.35-163/lib/ld-linux-x86-64.so.2
7fe53e814000-7fe53e816000 rw-p 00036000 00:1191 4611686019027979912      /nix/store/4nlgxhb09sdr51nc9hdm8az5b08vzkgx-glibc-2.35-163/lib/ld-linux-x86-64.so.2
7fff5ee45000-7fff5ee6a000 rw-p 00000000 00:00 0                          [stack]
7fff5ef5c000-7fff5ef60000 r--p 00000000 00:00 0                          [vvar]
7fff5ef60000-7fff5ef62000 r-xp 00000000 00:00 0                          [vdso]
ffffffffff600000-ffffffffff601000 --xp 00000000 00:00 0                  [vsyscall]


VM Arguments:
jvm_args: -XX:ThreadPriorityPolicy=1 -XX:+UnlockExperimentalVMOptions -XX:+EnableJVMCIProduct -XX:JVMCIThreadsPerNativeLibraryRuntime=1 -XX:-UnlockExperimentalVMOptions -Declipse.application=org.eclipse.jdt.ls.core.id1 -Dosgi.bundles.defaultStartLevel=4 -Declipse.product=org.eclipse.jdt.ls.core.product -Dlog.level=ALL -Xverify:none -XX:+UseParallelGC -XX:GCTimeRatio=4 -XX:AdaptiveSizePolicyWeight=90 -Dsun.zip.disableMemoryMapping=true -Xmx512m -Xms100m 
java_command: /nix/store/m6gcpi1ii6rghy04cjwjddcavv7i90df-jdt-language-server-1.9.0/share/java/plugins/org.eclipse.equinox.launcher_1.6.400.v20210924-0641.jar --add-modules=ALL-SYSTEM --add-opens java.base/java.util=ALL-UNNAMED --add-opens java.base/java.lang=ALL-UNNAMED -configuration /home/runner/.cache/jdt-language-server/config -data /home/runner/.cache/jdt-language-server/data/home/runner/BossFightDiceProgram
java_class_path (initial): /nix/store/m6gcpi1ii6rghy04cjwjddcavv7i90df-jdt-language-server-1.9.0/share/java/plugins/org.eclipse.equinox.launcher_1.6.400.v20210924-0641.jar
Launcher Type: SUN_STANDARD

[Global flags]
    uintx AdaptiveSizePolicyWeight                 = 90                                        {product} {command line}
     intx CICompilerCount                          = 2                                         {product} {ergonomic}
     bool EnableJVMCIProduct                       = true                                {JVMCI product} {jimage}
    uintx GCTimeRatio                              = 4                                         {product} {command line}
   size_t InitialHeapSize                          = 104857600                                 {product} {command line}
     uint JVMCIThreadsPerNativeLibraryRuntime      = 1                                   {JVMCI product} {jimage}
   size_t MaxHeapSize                              = 536870912                                 {product} {command line}
   size_t MaxNewSize                               = 178782208                                 {product} {ergonomic}
   size_t MinHeapDeltaBytes                        = 524288                                    {product} {ergonomic}
   size_t MinHeapSize                              = 104857600                                 {product} {command line}
   size_t NewSize                                  = 34603008                                  {product} {ergonomic}
    uintx NonNMethodCodeHeapSize                   = 5826188                                {pd product} {ergonomic}
    uintx NonProfiledCodeHeapSize                  = 122916026                              {pd product} {ergonomic}
   size_t OldSize                                  = 70254592                                  {product} {ergonomic}
    uintx ProfiledCodeHeapSize                     = 122916026                              {pd product} {ergonomic}
    uintx ReservedCodeCacheSize                    = 251658240                              {pd product} {ergonomic}
     bool SegmentedCodeCache                       = true                                      {product} {ergonomic}
   size_t SoftMaxHeapSize                          = 536870912                              {manageable} {ergonomic}
     intx ThreadPriorityPolicy                     = 1                                         {product} {jimage}
     bool UseCompressedClassPointers               = true                           {product lp64_product} {ergonomic}
     bool UseCompressedOops                        = true                           {product lp64_product} {ergonomic}
     bool UseParallelGC                            = true                                      {product} {command line}

Logging:
Log output configuration:
 #0: stdout all=warning uptime,level,tags
 #1: stderr all=off uptime,level,tags

Environment Variables:
JAVA_HOME=/nix/store/gpxl5qgg8kicmcvivwmybwjlpf7wh20l-graalvm17-ce-22.3.0
PATH=/nix/store/1d6ian3r8kdzspw8hacjhl3xkp40g1lj-binutils-wrapper-2.39/bin:/nix/store/dq0xwmsk1g0i2ayg6pb7y87na2knzylh-gcc-wrapper-11.3.0/bin:/nix/store/bap4d0lpcrhpwmpb8ayjcgkmvfj62lnq-bash-interactive-5.1-p16/bin:/nix/store/pr5n59mb4jzmfx6kanwxly0l07p861fg-patchelf-0.15.0/bin:/nix/store/1gf2flfqnpqbr1b4p4qz2f72y42bs56r-gcc-11.3.0/bin:/nix/store/57xv61c5zi8pphjbcwxxjlgc34p61ic9-glibc-2.35-163-bin/bin:/nix/store/a7gvj343m05j2s32xcnwr35v31ynlypr-coreutils-9.1/bin:/nix/store/039g378vc3pc3dvi9dzdlrd0i4q93qwf-binutils-2.39/bin:/nix/store/gpxl5qgg8kicmcvivwmybwjlpf7wh20l-graalvm17-ce-22.3.0/bin:/nix/store/6z9ag3ihc8mq2hzsw48lhbznvzny65nz-apache-maven-3.8.6/bin:/nix/store/m6gcpi1ii6rghy04cjwjddcavv7i90df-jdt-language-server-1.9.0/bin:/nix/store/84xs5alhs01zrbr4ywm05kxbjbp5590l-java-debug/bin:/nix/store/mydc6f4k2z73xlcz7ilif3v2lcaiqvza-findutils-4.9.0/bin:/nix/store/j9p3g8472iijd50vhdprx0nmk2fqn5gv-diffutils-3.8/bin:/nix/store/89zs7rms6x00xfq4dq6m7mjnhkr8a6r4-gnused-4.8/bin:/nix/store/86bp03jkmsl6f92w0yzg4s59g5mhxwmy-gnugrep-3.7/bin:/nix/store/hwcdqw4jrjnd37wxqgsd47hd0j8bnj09-gawk-5.1.1/bin:/nix/store/cfbhw8r8ags41vwqaz47r583d0p4h4a1-gnutar-1.34/bin:/nix/store/p3m1ndl1lapwrlh698bnb5lvvxh67378-gzip-1.12/bin:/nix/store/a8mhcagrsly7c7mpjrpsnaahk4aax056-bzip2-1.0.8-bin/bin:/nix/store/mblgz65m3zv9x548a3d5m96fj2pbwr09-gnumake-4.3/bin:/nix/store/dsd5gz46hdbdk2rfdimqddhq6m8m8fqs-bash-5.1-p16/bin:/nix/store/v7ljksji50mg3w61dykaa3n3y79n6nil-patch-2.7.6/bin:/nix/store/zlcnmqq14jz5x9439jf937mvayyl63da-xz-5.2.7-bin/bin:/nix/store/y6aj732zm9m87c82fpvf103a1xb22blp-file-5.43/bin:/nix/store/i4kzir3m7mrisxmf5xvlnkw01x4qaqr4-prybar-elisp-0.0.0-e0d9a52/bin:/nix/store/lwwivxf6h7x3cvxp9zv8sj0mv7dak99r-prybar-lua-0.0.0-e0d9a52/bin:/nix/store/gxj28g1cg4hq3qanmjv07156h800qr58-prybar-python3-0.0.0-e0d9a52/bin:/nix/store/hshkjnxrgidigf8x75vg6lqng2xlx9i3-prybar-sqlite-0.0.0-e0d9a52/bin:/nix/store/c4w01bpjgyy5ixmwdk8m1pw87zq4sl26-prybar-tcl-0.0.0-e0d9a52/bin:/nix/store/hpbvrlwd5viqmvcaisb3x0118i913a9n-st
LD_LIBRARY_PATH=/nix/store/a4pff549sk2idnkpzk5nsfps3mdkdnvm-cups-2.4.2-lib/lib:/nix/store/72mqxxhh3cy5yifh92wh2yb8cl2hikyy-cairo-1.16.0/lib:/nix/store/2k366jrbsra97gjfxwvrhvixjfxdach5-glib-2.74.1/lib:/nix/store/2j2znigd8ak37rlwh9khz0ry3clqlw1l-gtk+3-3.24.34/lib:/nix/store/hisqvx32cd57apbpcsnkpx6k3549wql1-libglvnd-1.4.0/lib:/nix/store/p36pgcv991mq5srvg765b78yqpxvk3qs-mesa-21.3.3-drivers/lib:/nix/store/mav4251if1ahjq5vkpwycyyvnmy459c4-pulseaudio-14.2/lib
DISPLAY=:0
LANG=en_US.UTF-8

Signal Handlers:
   SIGSEGV: crash_handler in libjvm.so, mask=11100100010111111101111111111110, flags=SA_RESTART|SA_SIGINFO
    SIGBUS: crash_handler in libjvm.so, mask=11100100010111111101111111111110, flags=SA_RESTART|SA_SIGINFO
    SIGFPE: crash_handler in libjvm.so, mask=11100100010111111101111111111110, flags=SA_RESTART|SA_SIGINFO
   SIGPIPE: IsolateEnterStub_IgnoreSIGPIPEStartupHook_noopSignalHandler_8f19bff2f35b5f630d83b364d6b2339320d4ec70_216e8361c6bc87a8f89f58cc10d3b2fd4415bf87 in libjvmcicompiler.so, mask=00000000000000000000000000000000, flags=SA_RESTART
  *** Handler was modified!
  *** Expected: javaSignalHandler in libjvm.so, mask=11100100110111111111111111111110, flags=SA_RESTART|SA_SIGINFO
   SIGXFSZ: javaSignalHandler in libjvm.so, mask=11100100010111111101111111111110, flags=SA_RESTART|SA_SIGINFO
    SIGILL: crash_handler in libjvm.so, mask=11100100010111111101111111111110, flags=SA_RESTART|SA_SIGINFO
   SIGUSR2: SR_handler in libjvm.so, mask=00000000000000000000000000000000, flags=SA_RESTART|SA_SIGINFO
    SIGHUP: UserHandler in libjvm.so, mask=11100100010111111101111111111110, flags=SA_RESTART|SA_SIGINFO
    SIGINT: UserHandler in libjvm.so, mask=11100100010111111101111111111110, flags=SA_RESTART|SA_SIGINFO
   SIGTERM: UserHandler in libjvm.so, mask=11100100010111111101111111111110, flags=SA_RESTART|SA_SIGINFO
   SIGQUIT: UserHandler in libjvm.so, mask=11100100010111111101111111111110, flags=SA_RESTART|SA_SIGINFO
  *** Handler was modified!
  *** Expected: javaSignalHandler in libjvm.so, mask=11100100110111111111111111111110, flags=SA_RESTART|SA_SIGINFO
   SIGTRAP: crash_handler in libjvm.so, mask=11100100010111111101111111111110, flags=SA_RESTART|SA_SIGINFO


---------------  S Y S T E M  ---------------

OS:
DISTRIB_ID=Ubuntu
DISTRIB_RELEASE=20.04
DISTRIB_CODENAME=focal
DISTRIB_DESCRIPTION="Ubuntu 20.04.2 LTS"
uname: Linux 5.15.0-1031-gcp #38~20.04.1-Ubuntu SMP Sun Mar 12 04:47:58 UTC 2023 x86_64
OS uptime: 0 days 10:35 hours
libc: glibc 2.35 NPTL 2.35 
rlimit (soft/hard): STACK 8192k/infinity , CORE infinity/infinity , NPROC infinity/infinity , NOFILE 5242/5242 , AS infinity/infinity , CPU infinity/infinity , DATA infinity/infinity , FSIZE infinity/infinity , MEMLOCK 64k/64k
load average: 23.00 19.88 16.37

/proc/meminfo:
MemTotal:       65852712 kB
MemFree:        10499852 kB
MemAvailable:   37916344 kB
Buffers:         2926692 kB
Cached:         22718308 kB
SwapCached:            0 kB
Active:         10550680 kB
Inactive:       39281444 kB
Active(anon):      16644 kB
Inactive(anon): 23762704 kB
Active(file):   10534036 kB
Inactive(file): 15518740 kB
Unevictable:       42856 kB
Mlocked:           42856 kB
SwapTotal:             0 kB
SwapFree:              0 kB
Dirty:              4124 kB
Writeback:            60 kB
AnonPages:      22806128 kB
Mapped:          1617688 kB
Shmem:             29660 kB
KReclaimable:    2090316 kB
Slab:            4363800 kB
SReclaimable:    2090316 kB
SUnreclaim:      2273484 kB
KernelStack:      418188 kB
PageTables:       251504 kB
NFS_Unstable:          0 kB
Bounce:                0 kB
WritebackTmp:          0 kB
CommitLimit:    32926356 kB
Committed_AS:   80314356 kB
VmallocTotal:   34359738367 kB
VmallocUsed:      471832 kB
VmallocChunk:          0 kB
Percpu:            91264 kB
HardwareCorrupted:     0 kB
AnonHugePages:   5560320 kB
ShmemHugePages:        0 kB
ShmemPmdMapped:        0 kB
FileHugePages:         0 kB
FilePmdMapped:         0 kB
HugePages_Total:       0
HugePages_Free:        0
HugePages_Rsvd:        0
HugePages_Surp:        0
Hugepagesize:       2048 kB
Hugetlb:               0 kB
DirectMap4k:     5649216 kB
DirectMap2M:    46776320 kB
DirectMap1G:    16777216 kB

/sys/kernel/mm/transparent_hugepage/enabled: always [madvise] never
/sys/kernel/mm/transparent_hugepage/defrag (defrag/compaction efforts parameter): always defer defer+madvise [madvise] never

Process Memory:
Virtual Size: 4721756K (peak: 4775744K)
Resident Set Size: 717728K (peak: 749668K) (anon: 521776K, file: 195952K, shmem: 0K)
Swapped out: 0K
C-Heap outstanding allocations: 41001K, retained: 15742K
glibc malloc tunables: (default)

/proc/sys/kernel/threads-max (system-wide limit on the number of threads): 514406
/proc/sys/vm/max_map_count (maximum number of memory map areas a process may have): 65530
/proc/sys/kernel/pid_max (system-wide limit on number of process identifiers): 4194304

container (cgroup) information:
container_type: cgroupv1
cpu_cpuset_cpus: 2-7
cpu_memory_nodes: 0
active_processor_count: 1
cpu_quota: 50000
cpu_period: 100000
cpu_shares: 512
memory_limit_in_bytes: 1048576 k
memory_and_swap_limit_in_bytes: 1048576 k
memory_soft_limit_in_bytes: 524288 k
memory_usage_in_bytes: 569576 k
memory_max_usage_in_bytes: 594700 k
maximum number of tasks: 1000
current number of tasks: 47

KVM virtualization detected
Steal ticks since vm start: 0
Steal ticks percentage since vm start:  0.000

CPU: total 8 (initial active 1) (8 cores per cpu, 2 threads per core) family 23 model 49 stepping 0 microcode 0xffffffff, cx8, cmov, fxsr, ht, mmx, 3dnowpref, sse, sse2, sse3, ssse3, sse4a, sse4.1, sse4.2, popcnt, lzcnt, tsc, tscinvbit, avx, avx2, aes, clmul, bmi1, bmi2, adx, sha, fma, vzeroupper, clflush, clflushopt, hv
CPU Model and flags from /proc/cpuinfo:
model name	: AMD EPYC 7B12
flags		: fpu vme de pse tsc msr pae mce cx8 apic sep mtrr pge mca cmov pat pse36 clflush mmx fxsr sse sse2 ht syscall nx mmxext fxsr_opt pdpe1gb rdtscp lm constant_tsc rep_good nopl nonstop_tsc cpuid extd_apicid tsc_known_freq pni pclmulqdq ssse3 fma cx16 sse4_1 sse4_2 movbe popcnt aes xsave avx f16c rdrand hypervisor lahf_lm cmp_legacy cr8_legacy abm sse4a misalignsse 3dnowprefetch osvw topoext ssbd ibrs ibpb stibp vmmcall fsgsbase tsc_adjust bmi1 avx2 smep bmi2 rdseed adx smap clflushopt clwb sha_ni xsaveopt xsavec xgetbv1 clzero xsaveerptr arat npt nrip_save umip rdpid

Online cpus: 0-7
Offline cpus: 
BIOS frequency limitation: <Not Available>
Frequency switch latency (ns): <Not Available>
Available cpu frequencies: <Not Available>
Current governor: <Not Available>
Core performance/turbo boost: <Not Available>

Memory: 4k page, physical 1048576k(478992k free), swap 0k(0k free)
Page Sizes: 4k

vm_info: OpenJDK 64-Bit Server VM (17.0.5+8-jvmci-22.3-b08) for linux-amd64 JRE (17.0.5+8-jvmci-22.3-b08), built on Oct 19 2022 09:01:27 by "buildslave" with gcc 10.3.0

END.
